cset: --> last message, executed args into cpuset "/measurement/44_47", new pid is: 3908080


 NAS Parallel Benchmarks (NPB3.4-OMP) - CG Benchmark

 Size:      150000
 Iterations:                     75
 Number of available threads:     4

 Initialization time =           5.064 seconds

   iteration           ||r||                 zeta
        1       0.35171080405185E-12   109.9994423237398
        5       0.88586893312780E-15    28.6471670038893
       10       0.90729108276552E-15    28.9496695449003
       15       0.90113265817888E-15    28.9716336228371
       20       0.90848560570718E-15    28.9734210663747
       25       0.90293014979732E-15    28.9735863059382
       30       0.90446911903489E-15    28.9736033967627
       35       0.90463169362847E-15    28.9736053266246
       40       0.90177688120873E-15    28.9736055590700
       45       0.90415087432360E-15    28.9736055884132
Warmup threshold: 183715539
Start threshold: 80360
End threshold: 164888
ROI begin
Time taken: 46358849 ns
