cset: --> last message, executed args into cpuset "/measurement/12_17", new pid is: 173391


 NAS Parallel Benchmarks (NPB3.4-OMP) - CG Benchmark

 Size:      150000
 Iterations:                     75
 Number of available threads:     4

 Initialization time =           3.191 seconds

   iteration           ||r||                 zeta
        1       0.35171080405185E-12   109.9994423237398
        5       0.88695129327348E-15    28.6471670038893
       10       0.90709637559073E-15    28.9496695449003
       15       0.90193747947516E-15    28.9716336228371
       20       0.90923803606620E-15    28.9734210663747
       25       0.90301370703450E-15    28.9735863059382
       30       0.90426479282192E-15    28.9736033967627
       35       0.90444505973485E-15    28.9736053266246
       40       0.90236190568967E-15    28.9736055590700
       45       0.90472733464210E-15    28.9736055884132
Warmup threshold: 185667404
Start threshold: 80376
End threshold: 164930
ROI begin
Time taken: 29760681 ns
