cset: --> last message, executed args into cpuset "/measurement/28_31", new pid is: 3911444


 NAS Parallel Benchmarks (NPB3.4-OMP) - CG Benchmark

 Size:      150000
 Iterations:                     75
 Number of available threads:     4

 Initialization time =           4.961 seconds

   iteration           ||r||                 zeta
        1       0.35170971763345E-12   109.9994423237398
        5       0.88681414517564E-15    28.6471670038893
       10       0.90792039599282E-15    28.9496695449003
       15       0.90172813352511E-15    28.9716336228371
       20       0.90929509191303E-15    28.9734210663747
       25       0.90221179119248E-15    28.9735863059382
       30       0.90441917003042E-15    28.9736033967627
       35       0.90571357769727E-15    28.9736053266246
       40       0.90209367694252E-15    28.9736055590700
Warmup threshold: 161438880
Start threshold: 82475
End threshold: 160764
ROI begin
Time taken: 47753095 ns
