cset: --> last message, executed args into cpuset "/measurement/56_59", new pid is: 3914980


 NAS Parallel Benchmarks (NPB3.4-OMP) - CG Benchmark

 Size:      150000
 Iterations:                     75
 Number of available threads:     4

 Initialization time =           4.898 seconds

   iteration           ||r||                 zeta
        1       0.35169752148040E-12   109.9994423237398
        5       0.88685306173677E-15    28.6471670038894
       10       0.90755797456171E-15    28.9496695449003
       15       0.90200174571764E-15    28.9716336228371
       20       0.90821582278355E-15    28.9734210663747
       25       0.90270793455582E-15    28.9735863059382
       30       0.90468920727204E-15    28.9736033967627
       35       0.90508080827221E-15    28.9736053266246
       40       0.90231045015537E-15    28.9736055590700
       45       0.90503498640731E-15    28.9736055884132
       50       0.90341255768075E-15    28.9736055922485
       55       0.89837425279804E-15    28.9736055927632
Warmup threshold: 219461331
Start threshold: 80401
End threshold: 164838
ROI begin
Time taken: 50064440 ns
