cset: --> last message, executed args into cpuset "/measurement/40_43", new pid is: 3908993


 NAS Parallel Benchmarks (NPB3.4-OMP) - CG Benchmark

 Size:      150000
 Iterations:                     75
 Number of available threads:     4

 Initialization time =           4.904 seconds

   iteration           ||r||                 zeta
        1       0.35169683806276E-12   109.9994423237398
        5       0.88649138074165E-15    28.6471670038893
       10       0.90715418326535E-15    28.9496695449003
       15       0.90274511040941E-15    28.9716336228371
       20       0.90979036761559E-15    28.9734210663747
       25       0.90259628018964E-15    28.9735863059382
       30       0.90484154675317E-15    28.9736033967627
       35       0.90417921665370E-15    28.9736053266246
       40       0.90178256010624E-15    28.9736055590700
       45       0.90400109915537E-15    28.9736055884132
Warmup threshold: 184610059
Start threshold: 82430
End threshold: 160760
ROI begin
Time taken: 44836611 ns
