cset: --> last message, executed args into cpuset "/measurement/56_59", new pid is: 3912495


 NAS Parallel Benchmarks (NPB3.4-OMP) - CG Benchmark

 Size:      150000
 Iterations:                     75
 Number of available threads:     4

 Initialization time =           5.153 seconds

   iteration           ||r||                 zeta
        1       0.35170826322936E-12   109.9994423237398
        5       0.88603310675617E-15    28.6471670038893
       10       0.90665586306951E-15    28.9496695449003
       15       0.90176045656532E-15    28.9716336228371
       20       0.90958693062576E-15    28.9734210663747
       25       0.90344418453149E-15    28.9735863059382
       30       0.90445518829160E-15    28.9736033967627
       35       0.90389116145172E-15    28.9736053266246
       40       0.90266460202942E-15    28.9736055590700
Warmup threshold: 161438880
Start threshold: 82475
End threshold: 160764
ROI begin
Time taken: 50176449 ns
