cset: --> last message, executed args into cpuset "/measurement/40_43", new pid is: 3909306


 NAS Parallel Benchmarks (NPB3.4-OMP) - CG Benchmark

 Size:      150000
 Iterations:                     75
 Number of available threads:     4

 Initialization time =           4.913 seconds

   iteration           ||r||                 zeta
        1       0.35165101100351E-12   109.9994423237398
        5       0.88681997083903E-15    28.6471670038893
       10       0.90769421906526E-15    28.9496695449003
       15       0.90096265958820E-15    28.9716336228371
       20       0.90859512495570E-15    28.9734210663747
       25       0.90185962883522E-15    28.9735863059382
       30       0.90502990631068E-15    28.9736033967627
       35       0.90482347748971E-15    28.9736053266246
       40       0.90131396398715E-15    28.9736055590700
Warmup threshold: 154582925
Start threshold: 82458
End threshold: 160716
ROI begin
Time taken: 47486413 ns
