cset: --> last message, executed args into cpuset "/measurement/18_23", new pid is: 172629


 NAS Parallel Benchmarks (NPB3.4-OMP) - BT Benchmark

 No input file inputbt.data. Using compiled defaults
 Size:  162x 162x 162
 Iterations:  200       dt:   0.0001000
 Number of available threads:     4

 Time step    1
 Time step   20
 Time step   40
 Time step   60
 Time step   80
 Time step  100
 Time step  120
 Time step  140
 Time step  160
 Time step  180
Warmup threshold: 4867029
Start threshold: 2563
End threshold: 5126
ROI begin
Time taken: 14551256 ns
