cset: --> last message, executed args into cpuset "/measurement/24_27", new pid is: 3909106


 NAS Parallel Benchmarks (NPB3.4-OMP) - CG Benchmark

 Size:      150000
 Iterations:                     75
 Number of available threads:     4

 Initialization time =           4.988 seconds

   iteration           ||r||                 zeta
        1       0.35165767075583E-12   109.9994423237398
        5       0.88630011002414E-15    28.6471670038893
       10       0.90786302554426E-15    28.9496695449003
       15       0.90131069369782E-15    28.9716336228371
       20       0.90891926576489E-15    28.9734210663748
       25       0.90194418696075E-15    28.9735863059382
       30       0.90430406086550E-15    28.9736033967627
       35       0.90466255508236E-15    28.9736053266246
       40       0.90181872562799E-15    28.9736055590700
Warmup threshold: 154582925
Start threshold: 82458
End threshold: 160716
ROI begin
Time taken: 50236176 ns
