cset: --> last message, executed args into cpuset "/measurement/44_47", new pid is: 3902966


 NAS Parallel Benchmarks (NPB3.4-OMP) - BT Benchmark

 No input file inputbt.data. Using compiled defaults
 Size:  162x 162x 162
 Iterations:  200       dt:   0.0001000
 Number of available threads:     4

 Time step    1
 Time step   20
 Time step   40
 Time step   60
 Time step   80
 Time step  100
 Time step  120
 Time step  140
 Time step  160
 Time step  180
 Time step  200
Warmup threshold: 5254922
Start threshold: 10157
End threshold: 14488
ROI begin
ROI end
Time taken: 52841136 ns
