cset: --> last message, executed args into cpuset "/measurement/48_51", new pid is: 3906377


 NAS Parallel Benchmarks (NPB3.4-OMP) - CG Benchmark

 Size:      150000
 Iterations:                     75
 Number of available threads:     4

 Initialization time =           4.948 seconds

   iteration           ||r||                 zeta
        1       0.35179751395012E-12   109.9994423237398
        5       0.88659484971016E-15    28.6471670038893
       10       0.90687885270435E-15    28.9496695449003
       15       0.90180953285351E-15    28.9716336228371
       20       0.90914278633949E-15    28.9734210663747
       25       0.90263073151735E-15    28.9735863059382
       30       0.90476937959186E-15    28.9736033967627
       35       0.90499527760567E-15    28.9736053266246
       40       0.90209394651580E-15    28.9736055590700
       45       0.90447212325481E-15    28.9736055884132
       50       0.90360943798412E-15    28.9736055922486
       55       0.89859900565832E-15    28.9736055927632
       60       0.90300498936314E-15    28.9736055928339
Warmup threshold: 242145961
Start threshold: 82454
End threshold: 160718
ROI begin
Time taken: 46489256 ns
