cset: --> last message, executed args into cpuset "/measurement/12_17", new pid is: 173234


 NAS Parallel Benchmarks (NPB3.4-OMP) - LU Benchmark

 Size:  162x 162x 162
 Iterations:                    250
 Number of available threads:     4

 Time step    1
 Time step   20
 Time step   40
 Time step   60
 Time step   80
 Time step  100
 Time step  120
 Time step  140
 Time step  160
 Time step  180
Warmup threshold: 4956210
Start threshold: 733
End threshold: 1468
ROI begin
Time taken: 13358725 ns
