cset: --> last message, executed args into cpuset "/measurement/32_35", new pid is: 3904713


 NAS Parallel Benchmarks (NPB3.4-OMP) - CG Benchmark

 Size:      150000
 Iterations:                     75
 Number of available threads:     4

 Initialization time =           5.391 seconds

   iteration           ||r||                 zeta
        1       0.35171103184884E-12   109.9994423237398
        5       0.88711675067820E-15    28.6471670038893
       10       0.90717693568492E-15    28.9496695449003
       15       0.90233741974303E-15    28.9716336228371
       20       0.90853934040998E-15    28.9734210663747
       25       0.90333892872441E-15    28.9735863059382
       30       0.90474841806055E-15    28.9736033967627
       35       0.90570291688669E-15    28.9736053266246
Warmup threshold: 5131010
Start threshold: 82449
End threshold: 87414
ROI begin
Time taken: 38683864 ns
