cset: --> last message, executed args into cpuset "/measurement/36_39", new pid is: 3913334


 NAS Parallel Benchmarks (NPB3.4-OMP) - CG Benchmark

 Size:      150000
 Iterations:                     75
 Number of available threads:     4

 Initialization time =           4.949 seconds

   iteration           ||r||                 zeta
        1       0.35169769671548E-12   109.9994423237398
        5       0.88604664555975E-15    28.6471670038893
       10       0.90674812011554E-15    28.9496695449003
       15       0.90242147556073E-15    28.9716336228371
       20       0.90909258498907E-15    28.9734210663747
       25       0.90306368536999E-15    28.9735863059382
       30       0.90516433336841E-15    28.9736033967627
       35       0.90472791322765E-15    28.9736053266246
       40       0.90195697336153E-15    28.9736055590700
Warmup threshold: 161438880
Start threshold: 82475
End threshold: 160764
ROI begin
Time taken: 50069339 ns
