cset: --> last message, executed args into cpuset "/measurement/24_27", new pid is: 3904118


 NAS Parallel Benchmarks (NPB3.4-OMP) - CG Benchmark

 Size:      150000
 Iterations:                     75
 Number of available threads:     4

 Initialization time =           5.210 seconds

   iteration           ||r||                 zeta
        1       0.35182570013813E-12   109.9994423237398
        5       0.88639758062815E-15    28.6471670038893
       10       0.90721896631116E-15    28.9496695449003
       15       0.90194349458796E-15    28.9716336228371
       20       0.90823591276817E-15    28.9734210663747
       25       0.90357648793203E-15    28.9735863059382
       30       0.90394030005453E-15    28.9736033967628
       35       0.90507277735604E-15    28.9736053266246
Warmup threshold: 5710897
Start threshold: 54636
End threshold: 164808
ROI begin
Time taken: 53802588 ns
