cset: --> last message, executed args into cpuset "/measurement/40_43", new pid is: 3907049


 NAS Parallel Benchmarks (NPB3.4-OMP) - CG Benchmark

 Size:      150000
 Iterations:                     75
 Number of available threads:     4

 Initialization time =           4.934 seconds

   iteration           ||r||                 zeta
        1       0.35182570013813E-12   109.9994423237398
        5       0.88705029578399E-15    28.6471670038893
       10       0.90692746367881E-15    28.9496695449003
       15       0.90241739190002E-15    28.9716336228371
       20       0.90922349964148E-15    28.9734210663747
       25       0.90299257701127E-15    28.9735863059382
       30       0.90482816778683E-15    28.9736033967627
       35       0.90573749420247E-15    28.9736053266246
       40       0.90124583648602E-15    28.9736055590700
       45       0.90364038272556E-15    28.9736055884132
       50       0.90397999830729E-15    28.9736055922485
       55       0.89706454713257E-15    28.9736055927632
Warmup threshold: 215219226
Start threshold: 80374
End threshold: 164822
ROI begin
Time taken: 49250744 ns
