cset: --> last message, executed args into cpuset "/measurement/24_27", new pid is: 3905836


 NAS Parallel Benchmarks (NPB3.4-OMP) - CG Benchmark

 Size:      150000
 Iterations:                     75
 Number of available threads:     4

 Initialization time =           5.026 seconds

   iteration           ||r||                 zeta
        1       0.35169717100998E-12   109.9994423237398
        5       0.88630257029575E-15    28.6471670038893
       10       0.90668189350730E-15    28.9496695449003
       15       0.90219924455756E-15    28.9716336228371
       20       0.90871322002031E-15    28.9734210663747
       25       0.90201477320671E-15    28.9735863059382
       30       0.90439558137594E-15    28.9736033967627
       35       0.90492644204695E-15    28.9736053266246
       40       0.90208955107666E-15    28.9736055590700
       45       0.90420995948609E-15    28.9736055884132
       50       0.90380088234692E-15    28.9736055922485
Warmup threshold: 196937416
Start threshold: 82442
End threshold: 160722
ROI begin
Time taken: 49435961 ns
