cset: --> last message, executed args into cpuset "/measurement/28_31", new pid is: 3910481


 NAS Parallel Benchmarks (NPB3.4-OMP) - CG Benchmark

 Size:      150000
 Iterations:                     75
 Number of available threads:     4

 Initialization time =           5.105 seconds

   iteration           ||r||                 zeta
        1       0.35169769671548E-12   109.9994423237398
        5       0.88674062850994E-15    28.6471670038893
       10       0.90709837611400E-15    28.9496695449003
       15       0.90121980677881E-15    28.9716336228371
       20       0.90888380311698E-15    28.9734210663747
       25       0.90378391895460E-15    28.9735863059382
       30       0.90501426198292E-15    28.9736033967628
       35       0.90474263881584E-15    28.9736053266246
       40       0.90239486793213E-15    28.9736055590700
       45       0.90413783698407E-15    28.9736055884132
       50       0.90279629133733E-15    28.9736055922485
Warmup threshold: 188946863
Start threshold: 80434
End threshold: 164798
ROI begin
Time taken: 54328982 ns
