cset: --> last message, executed args into cpuset "/measurement/32_35", new pid is: 3904181


 NAS Parallel Benchmarks (NPB3.4-OMP) - CG Benchmark

 Size:      150000
 Iterations:                     75
 Number of available threads:     4

 Initialization time =           5.028 seconds

   iteration           ||r||                 zeta
        1       0.35171080405185E-12   109.9994423237398
        5       0.88700790913996E-15    28.6471670038893
       10       0.90772155842787E-15    28.9496695449003
       15       0.90208647539672E-15    28.9716336228371
       20       0.90749117679927E-15    28.9734210663747
       25       0.90284241154276E-15    28.9735863059382
       30       0.90465048260588E-15    28.9736033967627
       35       0.90428372428917E-15    28.9736053266246
       40       0.90140145286362E-15    28.9736055590700
       45       0.90408343598671E-15    28.9736055884132
       50       0.90354829216350E-15    28.9736055922485
       55       0.89896974754587E-15    28.9736055927632
Warmup threshold: 219461331
Start threshold: 80401
End threshold: 164838
ROI begin
Time taken: 52603949 ns
