cset: --> last message, executed args into cpuset "/measurement/64_67", new pid is: 3901170


 NAS Parallel Benchmarks (NPB3.4-OMP) - LU Benchmark

 Size:  162x 162x 162
 Iterations:                    250
 Number of available threads:     4

 Time step    1
 Time step   20
 Time step   40
 Time step   60
 Time step   80
 Time step  100
 Time step  120
 Time step  140
 Time step  160
 Time step  180
 Time step  200
 Time step  220
Warmup threshold: 5852833
Start threshold: 6060
End threshold: 8048
ROI begin
Time taken: 58653213 ns
