cset: --> last message, executed args into cpuset "/measurement/48_51", new pid is: 3912767


 NAS Parallel Benchmarks (NPB3.4-OMP) - CG Benchmark

 Size:      150000
 Iterations:                     75
 Number of available threads:     4

 Initialization time =           4.879 seconds

   iteration           ||r||                 zeta
        1       0.35171027836595E-12   109.9994423237398
        5       0.88722789745425E-15    28.6471670038893
       10       0.90623709522773E-15    28.9496695449003
       15       0.90215526379404E-15    28.9716336228371
       20       0.90778647013023E-15    28.9734210663747
       25       0.90266653301891E-15    28.9735863059382
       30       0.90442274019985E-15    28.9736033967628
       35       0.90603064750634E-15    28.9736053266246
       40       0.90102535684244E-15    28.9736055590700
       45       0.90387762007956E-15    28.9736055884132
Warmup threshold: 185667404
Start threshold: 80376
End threshold: 164930
ROI begin
Time taken: 46572772 ns
