cset: --> last message, executed args into cpuset "/measurement/64_67", new pid is: 3907720


 NAS Parallel Benchmarks (NPB3.4-OMP) - CG Benchmark

 Size:      150000
 Iterations:                     75
 Number of available threads:     4

 Initialization time =           4.889 seconds

   iteration           ||r||                 zeta
        1       0.35171136478262E-12   109.9994423237398
        5       0.88695571983147E-15    28.6471670038893
       10       0.90659163298410E-15    28.9496695449003
       15       0.90126993553971E-15    28.9716336228371
       20       0.90879518975638E-15    28.9734210663747
       25       0.90188236004800E-15    28.9735863059382
       30       0.90486773046818E-15    28.9736033967628
       35       0.90528026765204E-15    28.9736053266246
       40       0.90116380862827E-15    28.9736055590699
       45       0.90463021391545E-15    28.9736055884132
       50       0.90387788261829E-15    28.9736055922486
       55       0.89766552917983E-15    28.9736055927632
Warmup threshold: 215219226
Start threshold: 80374
End threshold: 164822
ROI begin
Time taken: 54344521 ns
