cset: --> last message, executed args into cpuset "/measurement/40_43", new pid is: 3910415


 NAS Parallel Benchmarks (NPB3.4-OMP) - CG Benchmark

 Size:      150000
 Iterations:                     75
 Number of available threads:     4

 Initialization time =           5.105 seconds

   iteration           ||r||                 zeta
        1       0.35165481408805E-12   109.9994423237398
        5       0.88597039173556E-15    28.6471670038893
       10       0.90708179674545E-15    28.9496695449003
       15       0.90158705567262E-15    28.9716336228371
       20       0.90864140199998E-15    28.9734210663747
       25       0.90305967417187E-15    28.9735863059382
       30       0.90513485752433E-15    28.9736033967627
       35       0.90508768605987E-15    28.9736053266246
       40       0.90203912089977E-15    28.9736055590700
       45       0.90418367871940E-15    28.9736055884132
       50       0.90323651199642E-15    28.9736055922485
       55       0.89723619770180E-15    28.9736055927632
Warmup threshold: 213091832
Start threshold: 25022
End threshold: 164890
ROI begin
Time taken: 1107065635 ns
