cset: --> last message, executed args into cpuset "/measurement/6_11", new pid is: 172147


 NAS Parallel Benchmarks (NPB3.4-OMP) - CG Benchmark

 Size:      150000
 Iterations:                     75
 Number of available threads:     4

 Initialization time =           3.411 seconds

   iteration           ||r||                 zeta
        1       0.35169683806276E-12   109.9994423237398
        5       0.88585225997790E-15    28.6471670038893
       10       0.90709514935688E-15    28.9496695449003
       15       0.90216544696784E-15    28.9716336228371
       20       0.90858856117553E-15    28.9734210663747
       25       0.90339440168808E-15    28.9735863059382
       30       0.90531572822243E-15    28.9736033967627
       35       0.90497358213657E-15    28.9736053266246
       40       0.90188626325176E-15    28.9736055590700
Warmup threshold: 158012906
Start threshold: 80421
End threshold: 160828
ROI begin
Time taken: 23215308 ns
