cset: --> last message, executed args into cpuset "/measurement/12_17", new pid is: 169001


 NAS Parallel Benchmarks (NPB3.4-OMP) - CG Benchmark

 Size:      150000
 Iterations:                     75
 Number of available threads:     4

 Initialization time =           3.208 seconds

   iteration           ||r||                 zeta
        1       0.35170971763345E-12   109.9994423237398
        5       0.88617891164041E-15    28.6471670038893
       10       0.90677832051368E-15    28.9496695449003
       15       0.90236848545197E-15    28.9716336228371
       20       0.90837946368872E-15    28.9734210663747
       25       0.90348664820691E-15    28.9735863059382
       30       0.90507929641821E-15    28.9736033967627
       35       0.90455785405187E-15    28.9736053266246
       40       0.90136131378957E-15    28.9736055590700
       45       0.90471258890925E-15    28.9736055884132
       50       0.90361444516808E-15    28.9736055922485
       55       0.89846673712876E-15    28.9736055927632
       60       0.90300403094300E-15    28.9736055928339
       65       0.90114632314212E-15    28.9736055928440
       70       0.89593249888918E-15    28.9736055928455
       75       0.89544806728708E-15    28.9736055928458
 Benchmark completed 
 VERIFICATION SUCCESSFUL 
 Zeta is     0.2897360559285E+02
 Error is    0.2758926827966E-13


 CG Benchmark Completed.
 Class           =                        C
 Size            =                   150000
 Iterations      =                       75
 Time in seconds =                    41.23
 Total threads   =                        4
 Avail threads   =                        4
 Mop/s total     =                  3476.42
 Mop/s/thread    =                   869.11
 Operation type  =           floating point
 Verification    =               SUCCESSFUL
 Version         =                    3.4.3
 Compile date    =              14 Mar 2025

 Compile options:
    FC           = gfortran
    FLINK        = $(FC)
    F_LIB        = (none)
    F_INC        = (none)
    FFLAGS       = -O3 -fopenmp
    FLINKFLAGS   = $(FFLAGS)
    RAND         = randi8


 Please send all errors/feedbacks to:

 NPB Development Team
 npb@nas.nasa.gov


ROI started
PAPI initialized
PAPI region begin
PAPI region end
PAPI ended
