cset: --> last message, executed args into cpuset "/measurement/44_47", new pid is: 3904041


 NAS Parallel Benchmarks (NPB3.4-OMP) - CG Benchmark

 Size:      150000
 Iterations:                     75
 Number of available threads:     4

 Initialization time =           5.036 seconds

   iteration           ||r||                 zeta
        1       0.35170971763345E-12   109.9994423237398
        5       0.88583807461564E-15    28.6471670038893
       10       0.90703428590236E-15    28.9496695449003
       15       0.90232182847466E-15    28.9716336228371
       20       0.90813551381738E-15    28.9734210663747
       25       0.90335394533847E-15    28.9735863059382
       30       0.90432394162748E-15    28.9736033967627
       35       0.90446726621779E-15    28.9736053266246
       40       0.90135509713275E-15    28.9736055590700
Warmup threshold: 157442031
Start threshold: 80362
End threshold: 164882
ROI begin
Time taken: 47202867 ns
