cset: --> last message, executed args into cpuset "/measurement/40_43", new pid is: 3906075


 NAS Parallel Benchmarks (NPB3.4-OMP) - CG Benchmark

 Size:      150000
 Iterations:                     75
 Number of available threads:     4

 Initialization time =           4.921 seconds

   iteration           ||r||                 zeta
        1       0.35169752148040E-12   109.9994423237398
        5       0.88663788585072E-15    28.6471670038893
       10       0.90573127675869E-15    28.9496695449003
       15       0.90062807489293E-15    28.9716336228371
       20       0.91011395761158E-15    28.9734210663747
       25       0.90349355236030E-15    28.9735863059382
       30       0.90525799792613E-15    28.9736033967627
       35       0.90422604063589E-15    28.9736053266246
Warmup threshold: 137371275
Start threshold: 80396
End threshold: 164868
ROI begin
Time taken: 48322779 ns
