cset: --> last message, executed args into cpuset "/measurement/60_63", new pid is: 3912143


 NAS Parallel Benchmarks (NPB3.4-OMP) - CG Benchmark

 Size:      150000
 Iterations:                     75
 Number of available threads:     4

 Initialization time =           5.101 seconds

   iteration           ||r||                 zeta
        1       0.35170367217941E-12   109.9994423237398
        5       0.88618249311622E-15    28.6471670038893
       10       0.90683166339662E-15    28.9496695449003
       15       0.90191657064890E-15    28.9716336228371
       20       0.90857346854641E-15    28.9734210663747
       25       0.90386929195365E-15    28.9735863059382
       30       0.90367273980517E-15    28.9736033967627
       35       0.90502147676177E-15    28.9736053266246
       40       0.90199993303731E-15    28.9736055590700
Warmup threshold: 158012906
Start threshold: 80421
End threshold: 160828
ROI begin
Time taken: 47440962 ns
