cset: --> last message, executed args into cpuset "/measurement/20_23", new pid is: 3903237


 NAS Parallel Benchmarks (NPB3.4-OMP) - CG Benchmark

 Size:      150000
 Iterations:                     75
 Number of available threads:     4

 Initialization time =           4.943 seconds

   iteration           ||r||                 zeta
        1       0.35170367217941E-12   109.9994423237398
        5       0.88591948807469E-15    28.6471670038893
       10       0.90731644719312E-15    28.9496695449003
       15       0.90116255679369E-15    28.9716336228371
       20       0.90873901528058E-15    28.9734210663747
       25       0.90345226407870E-15    28.9735863059382
       30       0.90383823637343E-15    28.9736033967627
       35       0.90534247195302E-15    28.9736053266246
       40       0.90143576199455E-15    28.9736055590700
       45       0.90502765281030E-15    28.9736055884132
       50       0.90301200133902E-15    28.9736055922485
Warmup threshold: 4960
Start threshold: 81972
End threshold: 24542
ROI begin
Time taken: 30634690 ns
