cset: --> last message, executed args into cpuset "/measurement/36_39", new pid is: 3910252


 NAS Parallel Benchmarks (NPB3.4-OMP) - CG Benchmark

 Size:      150000
 Iterations:                     75
 Number of available threads:     4

 Initialization time =           5.073 seconds

   iteration           ||r||                 zeta
        1       0.35179744387599E-12   109.9994423237398
        5       0.88626029378957E-15    28.6471670038893
       10       0.90731549980514E-15    28.9496695449003
       15       0.90211512039068E-15    28.9716336228371
       20       0.90888854723163E-15    28.9734210663747
       25       0.90325919229148E-15    28.9735863059382
       30       0.90431558024057E-15    28.9736033967628
       35       0.90546685921537E-15    28.9736053266246
       40       0.90167472460285E-15    28.9736055590700
       45       0.90391492663839E-15    28.9736055884132
       50       0.90285506397635E-15    28.9736055922486
Warmup threshold: 188946863
Start threshold: 80434
End threshold: 164798
ROI begin
Time taken: 52588707 ns
