cset: --> last message, executed args into cpuset "/measurement/48_51", new pid is: 3912437


 NAS Parallel Benchmarks (NPB3.4-OMP) - CG Benchmark

 Size:      150000
 Iterations:                     75
 Number of available threads:     4

 Initialization time =           5.056 seconds

   iteration           ||r||                 zeta
        1       0.35163706016614E-12   109.9994423237398
        5       0.88648746901046E-15    28.6471670038893
       10       0.90712068448424E-15    28.9496695449003
       15       0.90280659829892E-15    28.9716336228371
       20       0.90897628746769E-15    28.9734210663747
       25       0.90301524309330E-15    28.9735863059382
       30       0.90475132512768E-15    28.9736033967627
       35       0.90544273473799E-15    28.9736053266246
       40       0.90170748138565E-15    28.9736055590699
       45       0.90447193805511E-15    28.9736055884132
       50       0.90268877185989E-15    28.9736055922486
Warmup threshold: 196937416
Start threshold: 82442
End threshold: 160722
ROI begin
Time taken: 61268330 ns
