cset: --> last message, executed args into cpuset "/measurement/64_67", new pid is: 3897510


 NAS Parallel Benchmarks (NPB3.4-OMP) - CG Benchmark

 Size:      150000
 Iterations:                     75
 Number of available threads:     4

 Initialization time =           5.282 seconds

   iteration           ||r||                 zeta
        1       0.35180671105893E-12   109.9994423237398
        5       0.88592636783592E-15    28.6471670038893
       10       0.90670951944075E-15    28.9496695449003
       15       0.90327876379614E-15    28.9716336228371
       20       0.90982454411022E-15    28.9734210663747
       25       0.90269275377869E-15    28.9735863059382
       30       0.90508853106712E-15    28.9736033967627
       35       0.90544424841936E-15    28.9736053266246
       40       0.90128262349816E-15    28.9736055590700
       45       0.90434057805525E-15    28.9736055884132
       50       0.90421617601541E-15    28.9736055922486
       55       0.89797297326252E-15    28.9736055927632
       60       0.90345120285700E-15    28.9736055928339
       65       0.90052939682140E-15    28.9736055928441
       70       0.89594276755038E-15    28.9736055928455
       75       0.89520839496998E-15    28.9736055928459
 Benchmark completed 
 VERIFICATION SUCCESSFUL 
 Zeta is     0.2897360559285E+02
 Error is    0.2955117180177E-13


 CG Benchmark Completed.
 Class           =                        C
 Size            =                   150000
 Iterations      =                       75
 Time in seconds =                   103.12
 Total threads   =                        4
 Avail threads   =                        4
 Mop/s total     =                  1390.17
 Mop/s/thread    =                   347.54
 Operation type  =           floating point
 Verification    =               SUCCESSFUL
 Version         =                    3.4.3
 Compile date    =              14 Mar 2025

 Compile options:
    FC           = gfortran
    FLINK        = $(FC)
    F_LIB        = (none)
    F_INC        = (none)
    FFLAGS       = -O3 -fopenmp
    FLINKFLAGS   = $(FFLAGS)
    RAND         = randi8


 Please send all errors/feedbacks to:

 NPB Development Team
 npb@nas.nasa.gov


ROI started
PAPI initialized
PAPI region begin
PAPI region end
PAPI ended
