cset: --> last message, executed args into cpuset "/measurement/56_59", new pid is: 3908309


 NAS Parallel Benchmarks (NPB3.4-OMP) - CG Benchmark

 Size:      150000
 Iterations:                     75
 Number of available threads:     4

 Initialization time =           4.879 seconds

   iteration           ||r||                 zeta
        1       0.35182598041206E-12   109.9994423237398
        5       0.88541909926609E-15    28.6471670038893
       10       0.90705476694635E-15    28.9496695449003
       15       0.90246489302877E-15    28.9716336228371
       20       0.90849165995083E-15    28.9734210663747
       25       0.90364917272350E-15    28.9735863059382
       30       0.90494501909945E-15    28.9736033967627
       35       0.90525644173141E-15    28.9736053266246
       40       0.90174921903649E-15    28.9736055590700
Warmup threshold: 157442031
Start threshold: 80362
End threshold: 164882
ROI begin
Time taken: 51777371 ns
