cset: --> last message, executed args into cpuset "/measurement/20_23", new pid is: 3912071


 NAS Parallel Benchmarks (NPB3.4-OMP) - CG Benchmark

 Size:      150000
 Iterations:                     75
 Number of available threads:     4

 Initialization time =           5.048 seconds

   iteration           ||r||                 zeta
        1       0.35170984029376E-12   109.9994423237398
        5       0.88713808409511E-15    28.6471670038893
       10       0.90651785296245E-15    28.9496695449003
       15       0.90209183064838E-15    28.9716336228371
       20       0.90776352944068E-15    28.9734210663747
       25       0.90275109938829E-15    28.9735863059382
       30       0.90461385691562E-15    28.9736033967627
       35       0.90434158217793E-15    28.9736053266246
       40       0.90187981234615E-15    28.9736055590700
       45       0.90446970590843E-15    28.9736055884132
       50       0.90276316023618E-15    28.9736055922485
       55       0.89828366909505E-15    28.9736055927632
       60       0.90243339386636E-15    28.9736055928339
Warmup threshold: 242145961
Start threshold: 82454
End threshold: 160718
ROI begin
Time taken: 49947081 ns
