cset: --> last message, executed args into cpuset "/measurement/20_23", new pid is: 3905200


 NAS Parallel Benchmarks (NPB3.4-OMP) - CG Benchmark

 Size:      150000
 Iterations:                     75
 Number of available threads:     4

 Initialization time =           4.996 seconds

   iteration           ||r||                 zeta
        1       0.35171080405185E-12   109.9994423237398
        5       0.88604687109417E-15    28.6471670038893
       10       0.90722663041429E-15    28.9496695449003
       15       0.90141378361559E-15    28.9716336228371
       20       0.90908266730742E-15    28.9734210663747
       25       0.90303082930493E-15    28.9735863059382
       30       0.90460684070713E-15    28.9736033967627
       35       0.90537936881625E-15    28.9736053266246
       40       0.90093992881932E-15    28.9736055590699
       45       0.90438009951466E-15    28.9736055884132
       50       0.90332835334537E-15    28.9736055922485
Warmup threshold: 197019858
Start threshold: 160722
End threshold: 164926
ROI begin
Time taken: 53234376 ns
