cset: --> last message, executed args into cpuset "/measurement/32_35", new pid is: 3910095


 NAS Parallel Benchmarks (NPB3.4-OMP) - CG Benchmark

 Size:      150000
 Iterations:                     75
 Number of available threads:     4

 Initialization time =           5.281 seconds

   iteration           ||r||                 zeta
        1       0.35170367217941E-12   109.9994423237398
        5       0.88699732707154E-15    28.6471670038893
       10       0.90690767320392E-15    28.9496695449003
       15       0.90254140165154E-15    28.9716336228371
       20       0.90863549955003E-15    28.9734210663747
       25       0.90180820777952E-15    28.9735863059382
       30       0.90471021077850E-15    28.9736033967627
       35       0.90478401315526E-15    28.9736053266246
       40       0.90211421273968E-15    28.9736055590700
       45       0.90417078851817E-15    28.9736055884132
       50       0.90318854712045E-15    28.9736055922486
Warmup threshold: 201505171
Start threshold: 1
End threshold: 164928
ROI begin
Time taken: 51693639 ns
