cset: --> last message, executed args into cpuset "/measurement/60_63", new pid is: 3909302


 NAS Parallel Benchmarks (NPB3.4-OMP) - CG Benchmark

 Size:      150000
 Iterations:                     75
 Number of available threads:     4

 Initialization time =           5.048 seconds

   iteration           ||r||                 zeta
        1       0.35169683806276E-12   109.9994423237398
        5       0.88641889156982E-15    28.6471670038893
       10       0.90719945268108E-15    28.9496695449003
       15       0.90207780333177E-15    28.9716336228371
       20       0.90956843424455E-15    28.9734210663747
       25       0.90310321552496E-15    28.9735863059382
       30       0.90494904507852E-15    28.9736033967627
       35       0.90479232636572E-15    28.9736053266246
       40       0.90142239931159E-15    28.9736055590699
       45       0.90415054563983E-15    28.9736055884132
Warmup threshold: 183715539
Start threshold: 80360
End threshold: 164888
ROI begin
Time taken: 53316935 ns
