cset: --> last message, executed args into cpuset "/measurement/52_55", new pid is: 3908504


 NAS Parallel Benchmarks (NPB3.4-OMP) - CG Benchmark

 Size:      150000
 Iterations:                     75
 Number of available threads:     4

 Initialization time =           5.131 seconds

   iteration           ||r||                 zeta
        1       0.35179751395012E-12   109.9994423237398
        5       0.88723942406928E-15    28.6471670038893
       10       0.90740306342496E-15    28.9496695449003
       15       0.90184933223168E-15    28.9716336228371
       20       0.90809521286437E-15    28.9734210663747
       25       0.90250724648346E-15    28.9735863059382
       30       0.90525502269049E-15    28.9736033967628
       35       0.90468483378107E-15    28.9736053266246
       40       0.90166725326936E-15    28.9736055590699
       45       0.90422138377818E-15    28.9736055884132
       50       0.90341313914142E-15    28.9736055922485
       55       0.89794513213394E-15    28.9736055927632
       60       0.90305911078849E-15    28.9736055928339
       65       0.90127232886183E-15    28.9736055928440
       70       0.89705653167353E-15    28.9736055928455
       75       0.89607694470395E-15    28.9736055928458
 Benchmark completed 
 VERIFICATION SUCCESSFUL 
 Zeta is     0.2897360559285E+02
 Error is    0.2807974416019E-13


 CG Benchmark Completed.
 Class           =                        C
 Size            =                   150000
 Iterations      =                       75
 Time in seconds =                    89.78
 Total threads   =                        4
 Avail threads   =                        4
 Mop/s total     =                  1596.71
 Mop/s/thread    =                   399.18
 Operation type  =           floating point
 Verification    =               SUCCESSFUL
 Version         =                    3.4.3
 Compile date    =              14 Mar 2025

 Compile options:
    FC           = gfortran
    FLINK        = $(FC)
    F_LIB        = (none)
    F_INC        = (none)
    FFLAGS       = -O3 -fopenmp
    FLINKFLAGS   = $(FFLAGS)
    RAND         = randi8


 Please send all errors/feedbacks to:

 NPB Development Team
 npb@nas.nasa.gov


Warmup threshold: 281484016
Start threshold: 82447
End threshold: 160738
ROI begin
ROI end
