cset: --> last message, executed args into cpuset "/measurement/18_23", new pid is: 172704


 NAS Parallel Benchmarks (NPB3.4-OMP) - CG Benchmark

 Size:      150000
 Iterations:                     75
 Number of available threads:     4

 Initialization time =           2.964 seconds

   iteration           ||r||                 zeta
        1       0.35169683806276E-12   109.9994423237398
        5       0.88631092588418E-15    28.6471670038893
       10       0.90698804917250E-15    28.9496695449003
       15       0.90166319756292E-15    28.9716336228371
       20       0.90921622689775E-15    28.9734210663747
       25       0.90292238494500E-15    28.9735863059382
       30       0.90473284560367E-15    28.9736033967628
       35       0.90540699189193E-15    28.9736053266246
       40       0.90284147492118E-15    28.9736055590700
       45       0.90320358901051E-15    28.9736055884132
       50       0.90317932395575E-15    28.9736055922485
       55       0.89798349471559E-15    28.9736055927632
Warmup threshold: 213091832
Start threshold: 25022
End threshold: 164890
ROI begin
Time taken: 462747132 ns
