cset: --> last message, executed args into cpuset "/measurement/36_39", new pid is: 3905092


 NAS Parallel Benchmarks (NPB3.4-OMP) - CG Benchmark

 Size:      150000
 Iterations:                     75
 Number of available threads:     4

 Initialization time =           5.342 seconds

   iteration           ||r||                 zeta
        1       0.35170367217941E-12   109.9994423237398
        5       0.88613120367558E-15    28.6471670038893
       10       0.90720546975238E-15    28.9496695449003
       15       0.90120132984040E-15    28.9716336228371
       20       0.90943924794483E-15    28.9734210663747
       25       0.90318279937989E-15    28.9735863059382
       30       0.90314018027988E-15    28.9736033967628
       35       0.90434765847741E-15    28.9736053266246
Warmup threshold: 5131010
Start threshold: 82449
End threshold: 87414
ROI begin
Time taken: 41061993 ns
