cset: --> last message, executed args into cpuset "/measurement/28_31", new pid is: 3904931


 NAS Parallel Benchmarks (NPB3.4-OMP) - CG Benchmark

 Size:      150000
 Iterations:                     75
 Number of available threads:     4

 Initialization time =           5.209 seconds

   iteration           ||r||                 zeta
        1       0.35170971763345E-12   109.9994423237398
        5       0.88602632732652E-15    28.6471670038893
       10       0.90635752928077E-15    28.9496695449003
       15       0.90205406182433E-15    28.9716336228371
       20       0.90893668699517E-15    28.9734210663747
       25       0.90273766543232E-15    28.9735863059382
       30       0.90573258879294E-15    28.9736033967627
       35       0.90456311467087E-15    28.9736053266246
Warmup threshold: 5131010
Start threshold: 82449
End threshold: 87414
ROI begin
Time taken: 42624185 ns
