cset: --> last message, executed args into cpuset "/measurement/core_40_43", new pid is: 3809230


 NAS Parallel Benchmarks (NPB3.4-OMP) - IS Benchmark

 Size:  134217728  (class C)
 Iterations:  10
 Number of available threads:  4


   iteration
ROI begin
        1
        2
        3
        4
        5
        6
        7
        8
        9
        10
ROI end
Region: 283
Total IR instructions: 113087125663


 IS Benchmark Completed
 Class           =                        C
 Size            =                134217728
 Iterations      =                       10
 Time in seconds =                  1055.98
 Total threads   =                        4
 Avail threads   =                        4
 Mop/s total     =                     1.27
 Mop/s/thread    =                     0.32
 Operation type  =              keys ranked
 Verification    =               SUCCESSFUL
 Version         =                    3.4.3
 Compile date    =              02 Apr 2025

 Compile options:
    CC           = gcc
    CLINK        = $(CC)
    C_LIB        = -lm
    C_INC        = (none)
    CFLAGS       = -O3 -fopenmp
    CLINKFLAGS   = $(CFLAGS)


 Please send all errors/feedbacks to:

 NPB Development Team
 npb@nas.nasa.gov


