cset: --> last message, executed args into cpuset "/measurement/36_39", new pid is: 3910534


 NAS Parallel Benchmarks (NPB3.4-OMP) - CG Benchmark

 Size:      150000
 Iterations:                     75
 Number of available threads:     4

 Initialization time =           5.258 seconds

   iteration           ||r||                 zeta
        1       0.35170971763345E-12   109.9994423237398
        5       0.88618580928462E-15    28.6471670038893
       10       0.90747428441351E-15    28.9496695449003
       15       0.90163082459020E-15    28.9716336228371
       20       0.90894677317959E-15    28.9734210663747
       25       0.90314030270819E-15    28.9735863059382
       30       0.90447866492237E-15    28.9736033967627
       35       0.90458750057439E-15    28.9736053266246
Warmup threshold: 5710897
Start threshold: 54636
End threshold: 164808
ROI begin
Time taken: 53004182 ns
