cset: --> last message, executed args into cpuset "/measurement/40_43", new pid is: 3901555


 NAS Parallel Benchmarks (NPB3.4-OMP) - CG Benchmark

 Size:      150000
 Iterations:                     75
 Number of available threads:     4

 Initialization time =           5.231 seconds

   iteration           ||r||                 zeta
        1       0.35170971763345E-12   109.9994423237398
        5       0.88705408576825E-15    28.6471670038893
       10       0.90718219650345E-15    28.9496695449003
       15       0.90143436953978E-15    28.9716336228371
       20       0.90900048223738E-15    28.9734210663747
       25       0.90372635785985E-15    28.9735863059382
       30       0.90367916978207E-15    28.9736033967627
       35       0.90522338241044E-15    28.9736053266246
       40       0.90164212429937E-15    28.9736055590700
       45       0.90483804846995E-15    28.9736055884132
       50       0.90406541292581E-15    28.9736055922485
Warmup threshold: 4960
Start threshold: 81972
End threshold: 24542
ROI begin
Time taken: 25865286 ns
