cset: --> last message, executed args into cpuset "/measurement/48_51", new pid is: 3907295


 NAS Parallel Benchmarks (NPB3.4-OMP) - CG Benchmark

 Size:      150000
 Iterations:                     75
 Number of available threads:     4

 Initialization time =           5.028 seconds

   iteration           ||r||                 zeta
        1       0.35170984029376E-12   109.9994423237398
        5       0.88636820596392E-15    28.6471670038893
       10       0.90727856709776E-15    28.9496695449003
       15       0.90218278444342E-15    28.9716336228371
       20       0.90945982185312E-15    28.9734210663747
       25       0.90337752052859E-15    28.9735863059382
       30       0.90481752252711E-15    28.9736033967627
       35       0.90539570103166E-15    28.9736053266246
       40       0.90207693025675E-15    28.9736055590700
       45       0.90452986187869E-15    28.9736055884132
       50       0.90351562407369E-15    28.9736055922486
       55       0.89911490699042E-15    28.9736055927632
       60       0.90232070770701E-15    28.9736055928339
       65       0.89975437108996E-15    28.9736055928440
       70       0.89694556913370E-15    28.9736055928455
       75       0.89576071578363E-15    28.9736055928458
 Benchmark completed 
 VERIFICATION SUCCESSFUL 
 Zeta is     0.2897360559285E+02
 Error is    0.2807974416019E-13


 CG Benchmark Completed.
 Class           =                        C
 Size            =                   150000
 Iterations      =                       75
 Time in seconds =                    95.55
 Total threads   =                        4
 Avail threads   =                        4
 Mop/s total     =                  1500.17
 Mop/s/thread    =                   375.04
 Operation type  =           floating point
 Verification    =               SUCCESSFUL
 Version         =                    3.4.3
 Compile date    =              14 Mar 2025

 Compile options:
    FC           = gfortran
    FLINK        = $(FC)
    F_LIB        = (none)
    F_INC        = (none)
    FFLAGS       = -O3 -fopenmp
    FLINKFLAGS   = $(FFLAGS)
    RAND         = randi8


 Please send all errors/feedbacks to:

 NPB Development Team
 npb@nas.nasa.gov


Warmup threshold: 281484016
Start threshold: 82447
End threshold: 160738
ROI begin
ROI end
