cset: --> last message, executed args into cpuset "/measurement/6_11", new pid is: 168997


 NAS Parallel Benchmarks (NPB3.4-OMP) - CG Benchmark

 Size:      150000
 Iterations:                     75
 Number of available threads:     4

 Initialization time =           3.100 seconds

   iteration           ||r||                 zeta
        1       0.35171080405185E-12   109.9994423237398
        5       0.88589618804289E-15    28.6471670038893
       10       0.90701175832582E-15    28.9496695449003
       15       0.90217887763647E-15    28.9716336228371
       20       0.90925885975631E-15    28.9734210663747
       25       0.90355260692034E-15    28.9735863059382
       30       0.90398760047212E-15    28.9736033967628
       35       0.90518424758683E-15    28.9736053266246
       40       0.90135796909170E-15    28.9736055590700
       45       0.90475405394574E-15    28.9736055884132
       50       0.90326487732351E-15    28.9736055922485
       55       0.89774999746404E-15    28.9736055927632
       60       0.90259033291706E-15    28.9736055928339
       65       0.90059764174150E-15    28.9736055928440
       70       0.89733222658999E-15    28.9736055928455
       75       0.89629786249109E-15    28.9736055928458
 Benchmark completed 
 VERIFICATION SUCCESSFUL 
 Zeta is     0.2897360559285E+02
 Error is    0.2758926827966E-13


 CG Benchmark Completed.
 Class           =                        C
 Size            =                   150000
 Iterations      =                       75
 Time in seconds =                    41.30
 Total threads   =                        4
 Avail threads   =                        4
 Mop/s total     =                  3470.75
 Mop/s/thread    =                   867.69
 Operation type  =           floating point
 Verification    =               SUCCESSFUL
 Version         =                    3.4.3
 Compile date    =              14 Mar 2025

 Compile options:
    FC           = gfortran
    FLINK        = $(FC)
    F_LIB        = (none)
    F_INC        = (none)
    FFLAGS       = -O3 -fopenmp
    FLINKFLAGS   = $(FFLAGS)
    RAND         = randi8


 Please send all errors/feedbacks to:

 NPB Development Team
 npb@nas.nasa.gov


ROI started
PAPI initialized
PAPI region begin
PAPI region end
PAPI ended
