cset: --> last message, executed args into cpuset "/measurement/64_67", new pid is: 3909215


 NAS Parallel Benchmarks (NPB3.4-OMP) - CG Benchmark

 Size:      150000
 Iterations:                     75
 Number of available threads:     4

 Initialization time =           5.203 seconds

   iteration           ||r||                 zeta
        1       0.35165779343430E-12   109.9994423237398
        5       0.88661494941225E-15    28.6471670038893
       10       0.90642029105897E-15    28.9496695449003
       15       0.90152358988105E-15    28.9716336228371
       20       0.90942415650784E-15    28.9734210663747
       25       0.90239958794919E-15    28.9735863059382
       30       0.90414913542664E-15    28.9736033967628
       35       0.90444212731413E-15    28.9736053266246
       40       0.90123078189273E-15    28.9736055590700
       45       0.90422428603970E-15    28.9736055884132
       50       0.90331528095498E-15    28.9736055922485
       55       0.89829420081275E-15    28.9736055927632
Warmup threshold: 213091832
Start threshold: 25022
End threshold: 164890
ROI begin
Time taken: 1246264128 ns
