cset: --> last message, executed args into cpuset "/measurement/6_11", new pid is: 198454


 NAS Parallel Benchmarks (NPB3.4-OMP) - CG Benchmark

 Size:      150000
 Iterations:                     75
 Number of available threads:     4

 Initialization time =           3.186 seconds

   iteration           ||r||                 zeta
        1       0.35171080405185E-12   109.9994423237398
        5       0.88635199311944E-15    28.6471670038893
       10       0.90686827242830E-15    28.9496695449003
       15       0.90185406162100E-15    28.9716336228371
       20       0.90887985802204E-15    28.9734210663747
       25       0.90279715964774E-15    28.9735863059382
       30       0.90343298136407E-15    28.9736033967627
       35       0.90490631025187E-15    28.9736053266246
Warmup threshold: 1
Start threshold: 5213459
End threshold: 43707
ROI begin
Time taken: 11045743 ns
