cset: --> last message, executed args into cpuset "/measurement/12_17", new pid is: 172583


 NAS Parallel Benchmarks (NPB3.4-OMP) - CG Benchmark

 Size:      150000
 Iterations:                     75
 Number of available threads:     4

 Initialization time =           3.184 seconds

   iteration           ||r||                 zeta
        1       0.35165767075583E-12   109.9994423237398
        5       0.88616741102579E-15    28.6471670038893
       10       0.90782356264432E-15    28.9496695449003
       15       0.90165765480253E-15    28.9716336228371
       20       0.90903082400117E-15    28.9734210663747
       25       0.90257093817908E-15    28.9735863059382
       30       0.90383307314210E-15    28.9736033967627
       35       0.90437513068922E-15    28.9736053266246
       40       0.90194030477892E-15    28.9736055590699
       45       0.90487071184877E-15    28.9736055884132
       50       0.90318330411855E-15    28.9736055922485
       55       0.89849356370285E-15    28.9736055927632
Warmup threshold: 215219226
Start threshold: 80374
End threshold: 164822
ROI begin
Time taken: 21204619 ns
