cset: --> last message, executed args into cpuset "/measurement/64_67", new pid is: 3904588


 NAS Parallel Benchmarks (NPB3.4-OMP) - CG Benchmark

 Size:      150000
 Iterations:                     75
 Number of available threads:     4

 Initialization time =           5.141 seconds

   iteration           ||r||                 zeta
        1       0.35179744387599E-12   109.9994423237398
        5       0.88582928992754E-15    28.6471670038893
       10       0.90778988623666E-15    28.9496695449003
       15       0.90209028161528E-15    28.9716336228371
       20       0.90981218361283E-15    28.9734210663747
       25       0.90268901561813E-15    28.9735863059382
       30       0.90413790564705E-15    28.9736033967627
       35       0.90471168630035E-15    28.9736053266246
       40       0.90083800352406E-15    28.9736055590699
       45       0.90326771758937E-15    28.9736055884132
       50       0.90371073689853E-15    28.9736055922485
Warmup threshold: 196937416
Start threshold: 82442
End threshold: 160722
ROI begin
Time taken: 52600054 ns
