cset: --> last message, executed args into cpuset "/measurement/64_67", new pid is: 3906718


 NAS Parallel Benchmarks (NPB3.4-OMP) - CG Benchmark

 Size:      150000
 Iterations:                     75
 Number of available threads:     4

 Initialization time =           5.194 seconds

   iteration           ||r||                 zeta
        1       0.35165779343430E-12   109.9994423237398
        5       0.88643135034289E-15    28.6471670038893
       10       0.90700544188561E-15    28.9496695449003
       15       0.90264320215709E-15    28.9716336228371
       20       0.90868559840763E-15    28.9734210663747
       25       0.90267535976544E-15    28.9735863059382
       30       0.90415446708539E-15    28.9736033967627
       35       0.90423739444442E-15    28.9736053266246
       40       0.90270103945042E-15    28.9736055590699
       45       0.90379095211910E-15    28.9736055884132
Warmup threshold: 185667404
Start threshold: 80376
End threshold: 164930
ROI begin
Time taken: 50851130 ns
