cset: --> last message, executed args into cpuset "/measurement/28_31", new pid is: 3906700


 NAS Parallel Benchmarks (NPB3.4-OMP) - CG Benchmark

 Size:      150000
 Iterations:                     75
 Number of available threads:     4

 Initialization time =           5.017 seconds

   iteration           ||r||                 zeta
        1       0.35165626871319E-12   109.9994423237398
        5       0.88685358529603E-15    28.6471670038893
       10       0.90678406814950E-15    28.9496695449003
       15       0.90135355376178E-15    28.9716336228371
       20       0.90926640485787E-15    28.9734210663747
       25       0.90278099607936E-15    28.9735863059382
       30       0.90437330570626E-15    28.9736033967627
       35       0.90382159273134E-15    28.9736053266246
       40       0.90164070568132E-15    28.9736055590700
       45       0.90499833528184E-15    28.9736055884132
       50       0.90362835391202E-15    28.9736055922485
       55       0.89792864149232E-15    28.9736055927632
       60       0.90254748884952E-15    28.9736055928339
       65       0.90125503582536E-15    28.9736055928440
       70       0.89685028075465E-15    28.9736055928455
       75       0.89479211494282E-15    28.9736055928458
 Benchmark completed 
 VERIFICATION SUCCESSFUL 
 Zeta is     0.2897360559285E+02
 Error is    0.2807974416019E-13


 CG Benchmark Completed.
 Class           =                        C
 Size            =                   150000
 Iterations      =                       75
 Time in seconds =                   102.37
 Total threads   =                        4
 Avail threads   =                        4
 Mop/s total     =                  1400.32
 Mop/s/thread    =                   350.08
 Operation type  =           floating point
 Verification    =               SUCCESSFUL
 Version         =                    3.4.3
 Compile date    =              14 Mar 2025

 Compile options:
    FC           = gfortran
    FLINK        = $(FC)
    F_LIB        = (none)
    F_INC        = (none)
    FFLAGS       = -O3 -fopenmp
    FLINKFLAGS   = $(FFLAGS)
    RAND         = randi8


 Please send all errors/feedbacks to:

 NPB Development Team
 npb@nas.nasa.gov


Warmup threshold: 281484016
Start threshold: 82447
End threshold: 160738
ROI begin
ROI end
