cset: --> last message, executed args into cpuset "/measurement/48_51", new pid is: 3911752


 NAS Parallel Benchmarks (NPB3.4-OMP) - CG Benchmark

 Size:      150000
 Iterations:                     75
 Number of available threads:     4

 Initialization time =           5.655 seconds

   iteration           ||r||                 zeta
        1       0.35170971763345E-12   109.9994423237398
        5       0.88663470395250E-15    28.6471670038893
       10       0.90725739954936E-15    28.9496695449003
       15       0.90247604145964E-15    28.9716336228371
       20       0.90830415173546E-15    28.9734210663747
       25       0.90329724053411E-15    28.9735863059382
       30       0.90457036309909E-15    28.9736033967627
       35       0.90520227637217E-15    28.9736053266246
       40       0.90218428608603E-15    28.9736055590700
       45       0.90387950743063E-15    28.9736055884132
       50       0.90395046230681E-15    28.9736055922485
Warmup threshold: 197019858
Start threshold: 160722
End threshold: 164926
ROI begin
Time taken: 54971937 ns
