cset: --> last message, executed args into cpuset "/measurement/52_55", new pid is: 3909949


 NAS Parallel Benchmarks (NPB3.4-OMP) - CG Benchmark

 Size:      150000
 Iterations:                     75
 Number of available threads:     4

 Initialization time =           4.948 seconds

   iteration           ||r||                 zeta
        1       0.35171027836595E-12   109.9994423237398
        5       0.88620162060491E-15    28.6471670038893
       10       0.90807983372170E-15    28.9496695449003
       15       0.90219423969835E-15    28.9716336228371
       20       0.90991692840281E-15    28.9734210663747
       25       0.90365575896662E-15    28.9735863059382
       30       0.90511455422541E-15    28.9736033967627
       35       0.90468835255283E-15    28.9736053266246
       40       0.90196089131142E-15    28.9736055590700
       45       0.90467368170974E-15    28.9736055884132
Warmup threshold: 171885687
Start threshold: 82380
End threshold: 160884
ROI begin
Time taken: 52790130 ns
