cset: --> last message, executed args into cpuset "/measurement/20_23", new pid is: 3906911


 NAS Parallel Benchmarks (NPB3.4-OMP) - CG Benchmark

 Size:      150000
 Iterations:                     75
 Number of available threads:     4

 Initialization time =           4.938 seconds

   iteration           ||r||                 zeta
        1       0.35182540234683E-12   109.9994423237398
        5       0.88657946305376E-15    28.6471670038893
       10       0.90711586228135E-15    28.9496695449003
       15       0.90221896730877E-15    28.9716336228371
       20       0.90933772430587E-15    28.9734210663747
       25       0.90302229363478E-15    28.9735863059382
       30       0.90500556074106E-15    28.9736033967627
       35       0.90499739114983E-15    28.9736053266246
       40       0.90137172437261E-15    28.9736055590699
       45       0.90415017063953E-15    28.9736055884132
       50       0.90315592743475E-15    28.9736055922486
       55       0.89732500648081E-15    28.9736055927632
Warmup threshold: 215219226
Start threshold: 80374
End threshold: 164822
ROI begin
Time taken: 47556552 ns
