cset: --> last message, executed args into cpuset "/measurement/44_47", new pid is: 3906489


 NAS Parallel Benchmarks (NPB3.4-OMP) - CG Benchmark

 Size:      150000
 Iterations:                     75
 Number of available threads:     4

 Initialization time =           5.389 seconds

   iteration           ||r||                 zeta
        1       0.35171080405185E-12   109.9994423237398
        5       0.88676339599758E-15    28.6471670038893
       10       0.90674866783789E-15    28.9496695449003
       15       0.90197738683411E-15    28.9716336228371
       20       0.90880872131575E-15    28.9734210663747
       25       0.90311330259236E-15    28.9735863059382
       30       0.90460700070230E-15    28.9736033967627
       35       0.90478115531927E-15    28.9736053266246
Warmup threshold: 137371275
Start threshold: 80396
End threshold: 164868
ROI begin
Time taken: 52840974 ns
