cset: --> last message, executed args into cpuset "/measurement/60_63", new pid is: 3904351


 NAS Parallel Benchmarks (NPB3.4-OMP) - CG Benchmark

 Size:      150000
 Iterations:                     75
 Number of available threads:     4

 Initialization time =           5.177 seconds

   iteration           ||r||                 zeta
        1       0.35171185542131E-12   109.9994423237398
        5       0.88645372795485E-15    28.6471670038893
       10       0.90644981506973E-15    28.9496695449003
       15       0.90196392547089E-15    28.9716336228371
       20       0.90927778016384E-15    28.9734210663747
       25       0.90287933123596E-15    28.9735863059382
       30       0.90446883636071E-15    28.9736033967627
       35       0.90583461056913E-15    28.9736053266246
       40       0.90117320731905E-15    28.9736055590699
Warmup threshold: 161438880
Start threshold: 82475
End threshold: 160764
ROI begin
Time taken: 47320035 ns
