cset: --> last message, executed args into cpuset "/measurement/6_11", new pid is: 171979


 NAS Parallel Benchmarks (NPB3.4-OMP) - CG Benchmark

 Size:      150000
 Iterations:                     75
 Number of available threads:     4

 Initialization time =           3.097 seconds

   iteration           ||r||                 zeta
        1       0.35170984029376E-12   109.9994423237398
        5       0.88620942004491E-15    28.6471670038893
       10       0.90684785360476E-15    28.9496695449003
       15       0.90114015758789E-15    28.9716336228371
       20       0.90908401612494E-15    28.9734210663747
       25       0.90260505471582E-15    28.9735863059382
       30       0.90419471617380E-15    28.9736033967627
       35       0.90481935595173E-15    28.9736053266247
       40       0.90234091143697E-15    28.9736055590700
Warmup threshold: 161438880
Start threshold: 82475
End threshold: 160764
ROI begin
Time taken: 20439901 ns
