cset: --> last message, executed args into cpuset "/measurement/32_35", new pid is: 3904544


 NAS Parallel Benchmarks (NPB3.4-OMP) - CG Benchmark

 Size:      150000
 Iterations:                     75
 Number of available threads:     4

 Initialization time =           4.952 seconds

   iteration           ||r||                 zeta
        1       0.35169254476771E-12   109.9994423237398
        5       0.88632079996610E-15    28.6471670038893
       10       0.90701285021177E-15    28.9496695449003
       15       0.90159727296966E-15    28.9716336228371
       20       0.90862093771861E-15    28.9734210663747
       25       0.90353929831126E-15    28.9735863059382
       30       0.90475358662455E-15    28.9736033967627
       35       0.90511866995483E-15    28.9736053266246
       40       0.90112062238767E-15    28.9736055590699
Warmup threshold: 158012906
Start threshold: 80421
End threshold: 160828
ROI begin
Time taken: 54461731 ns
