cset: --> last message, executed args into cpuset "/measurement/56_59", new pid is: 3906057


 NAS Parallel Benchmarks (NPB3.4-OMP) - CG Benchmark

 Size:      150000
 Iterations:                     75
 Number of available threads:     4

 Initialization time =           4.994 seconds

   iteration           ||r||                 zeta
        1       0.35171048864040E-12   109.9994423237398
        5       0.88647607185117E-15    28.6471670038893
       10       0.90771126154511E-15    28.9496695449003
       15       0.90195589083143E-15    28.9716336228371
       20       0.90990148679232E-15    28.9734210663747
       25       0.90322666625784E-15    28.9735863059382
       30       0.90449992064934E-15    28.9736033967627
       35       0.90498897144574E-15    28.9736053266246
       40       0.90185289587426E-15    28.9736055590700
       45       0.90474251335620E-15    28.9736055884132
       50       0.90252908508454E-15    28.9736055922485
Warmup threshold: 190086613
Start threshold: 80431
End threshold: 6344
ROI begin
Time taken: 301340854 ns
