cset: --> last message, executed args into cpuset "/measurement/6_11", new pid is: 198621


 NAS Parallel Benchmarks (NPB3.4-OMP) - CG Benchmark

 Size:      150000
 Iterations:                     75
 Number of available threads:     4

 Initialization time =           3.139 seconds

   iteration           ||r||                 zeta
        1       0.35165767075583E-12   109.9994423237398
        5       0.88650266499492E-15    28.6471670038893
       10       0.90822319616004E-15    28.9496695449003
       15       0.90152470308285E-15    28.9716336228371
       20       0.91011510833707E-15    28.9734210663747
       25       0.90398933805438E-15    28.9735863059382
       30       0.90453630403765E-15    28.9736033967627
       35       0.90465421184927E-15    28.9736053266246
       40       0.90200379907971E-15    28.9736055590699
Warmup threshold: 1
Start threshold: 152665130
End threshold: 80358
ROI begin
Time taken: 10877898 ns
