cset: --> last message, executed args into cpuset "/measurement/6_11", new pid is: 173230


 NAS Parallel Benchmarks (NPB3.4-OMP) - CG Benchmark

 Size:      150000
 Iterations:                     75
 Number of available threads:     4

 Initialization time =           3.174 seconds

   iteration           ||r||                 zeta
        1       0.35171080405185E-12   109.9994423237398
        5       0.88601954784500E-15    28.6471670038893
       10       0.90809445479500E-15    28.9496695449003
       15       0.90133479713072E-15    28.9716336228371
       20       0.90822021890864E-15    28.9734210663747
       25       0.90358357474809E-15    28.9735863059382
       30       0.90421503972057E-15    28.9736033967627
       35       0.90456257415322E-15    28.9736053266246
       40       0.90186717026205E-15    28.9736055590700
       45       0.90449809591816E-15    28.9736055884132
       50       0.90271212473904E-15    28.9736055922485
Warmup threshold: 197019858
Start threshold: 160722
End threshold: 164926
ROI begin
Time taken: 22333849 ns
