cset: --> last message, executed args into cpuset "/measurement/48_51", new pid is: 3910960


 NAS Parallel Benchmarks (NPB3.4-OMP) - CG Benchmark

 Size:      150000
 Iterations:                     75
 Number of available threads:     4

 Initialization time =           4.904 seconds

   iteration           ||r||                 zeta
        1       0.35171185542131E-12   109.9994423237398
        5       0.88727567893446E-15    28.6471670038893
       10       0.90714916200954E-15    28.9496695449003
       15       0.90193326940179E-15    28.9716336228371
       20       0.90822748466300E-15    28.9734210663747
       25       0.90297149042957E-15    28.9735863059382
       30       0.90435767439155E-15    28.9736033967628
       35       0.90477498733222E-15    28.9736053266246
       40       0.90210180116190E-15    28.9736055590699
       45       0.90432339203033E-15    28.9736055884132
       50       0.90324792338590E-15    28.9736055922485
       55       0.89771989721696E-15    28.9736055927632
       60       0.90255272374182E-15    28.9736055928339
Warmup threshold: 242145961
Start threshold: 82454
End threshold: 160718
ROI begin
Time taken: 55977448 ns
