cset: --> last message, executed args into cpuset "/measurement/32_35", new pid is: 3906472


 NAS Parallel Benchmarks (NPB3.4-OMP) - CG Benchmark

 Size:      150000
 Iterations:                     75
 Number of available threads:     4

 Initialization time =           5.456 seconds

   iteration           ||r||                 zeta
        1       0.35165101100351E-12   109.9994423237398
        5       0.88655049219182E-15    28.6471670038893
       10       0.90628528341565E-15    28.9496695449003
       15       0.90223070100114E-15    28.9716336228371
       20       0.90888638494015E-15    28.9734210663747
       25       0.90342201877189E-15    28.9735863059382
       30       0.90448591077830E-15    28.9736033967627
       35       0.90434638789687E-15    28.9736053266246
       40       0.90174902961128E-15    28.9736055590700
       45       0.90396822961717E-15    28.9736055884132
       50       0.90486801667140E-15    28.9736055922485
       55       0.89799674085335E-15    28.9736055927632
Warmup threshold: 213091832
Start threshold: 25022
End threshold: 164890
ROI begin
Time taken: 1106062186 ns
