cset: --> last message, executed args into cpuset "/measurement/12_17", new pid is: 201115


 NAS Parallel Benchmarks (NPB3.4-OMP) - CG Benchmark

 Size:      150000
 Iterations:                     75
 Number of available threads:     4

 Initialization time =           3.582 seconds

   iteration           ||r||                 zeta
        1       0.35171027836595E-12   109.9994423237398
        5       0.88549490938965E-15    28.6471670038893
       10       0.90712187342787E-15    28.9496695449003
       15       0.90191671564428E-15    28.9716336228371
       20       0.90915546422603E-15    28.9734210663747
       25       0.90306517822591E-15    28.9735863059382
       30       0.90442211958438E-15    28.9736033967628
       35       0.90537716771387E-15    28.9736053266246
       40       0.90184904018263E-15    28.9736055590700
       45       0.90399702953835E-15    28.9736055884132
       50       0.90280999988372E-15    28.9736055922485
Warmup threshold: 1
Start threshold: 194198394
End threshold: 80361
ROI begin
Time taken: 11352990 ns
