cset: --> last message, executed args into cpuset "/measurement/20_23", new pid is: 3909954


 NAS Parallel Benchmarks (NPB3.4-OMP) - CG Benchmark

 Size:      150000
 Iterations:                     75
 Number of available threads:     4

 Initialization time =           5.158 seconds

   iteration           ||r||                 zeta
        1       0.35170971763345E-12   109.9994423237398
        5       0.88637382899981E-15    28.6471670038893
       10       0.90618507291000E-15    28.9496695449003
       15       0.90201389436923E-15    28.9716336228371
       20       0.90939500535648E-15    28.9734210663747
       25       0.90264834940483E-15    28.9735863059382
       30       0.90464465522624E-15    28.9736033967627
       35       0.90486891709456E-15    28.9736053266246
       40       0.90095078747090E-15    28.9736055590700
       45       0.90484194135964E-15    28.9736055884132
       50       0.90324266039404E-15    28.9736055922485
Warmup threshold: 201505171
Start threshold: 1
End threshold: 164928
ROI begin
Time taken: 62078617 ns
