cset: --> last message, executed args into cpuset "/measurement/64_67", new pid is: 3911530


 NAS Parallel Benchmarks (NPB3.4-OMP) - CG Benchmark

 Size:      150000
 Iterations:                     75
 Number of available threads:     4

 Initialization time =           5.123 seconds

   iteration           ||r||                 zeta
        1       0.35182584027512E-12   109.9994423237398
        5       0.88632560765590E-15    28.6471670038893
       10       0.90750990738385E-15    28.9496695449003
       15       0.90160392553836E-15    28.9716336228371
       20       0.90994184944430E-15    28.9734210663748
       25       0.90334633174139E-15    28.9735863059382
       30       0.90481522018549E-15    28.9736033967628
       35       0.90438393588577E-15    28.9736053266246
       40       0.90171192227718E-15    28.9736055590700
       45       0.90466633746885E-15    28.9736055884132
       50       0.90332030806907E-15    28.9736055922485
       55       0.89837193189915E-15    28.9736055927632
Warmup threshold: 206817358
Start threshold: 82435
End threshold: 160854
ROI begin
Time taken: 48614775 ns
