cset: --> last message, executed args into cpuset "/measurement/24_27", new pid is: 3907849


 NAS Parallel Benchmarks (NPB3.4-OMP) - CG Benchmark

 Size:      150000
 Iterations:                     75
 Number of available threads:     4

 Initialization time =           5.076 seconds

   iteration           ||r||                 zeta
        1       0.35179744387599E-12   109.9994423237398
        5       0.88570764223540E-15    28.6471670038893
       10       0.90665978826494E-15    28.9496695449003
       15       0.90216196884607E-15    28.9716336228371
       20       0.90992510388442E-15    28.9734210663747
       25       0.90234130917250E-15    28.9735863059382
       30       0.90439971337475E-15    28.9736033967627
       35       0.90450953809550E-15    28.9736053266246
       40       0.90183915363496E-15    28.9736055590700
       45       0.90343253612952E-15    28.9736055884132
       50       0.90315010505425E-15    28.9736055922485
Warmup threshold: 196937416
Start threshold: 82442
End threshold: 160722
ROI begin
Time taken: 52688086 ns
