cset: --> last message, executed args into cpuset "/measurement/24_27", new pid is: 3897637


 NAS Parallel Benchmarks (NPB3.4-OMP) - SP Benchmark

 No input file inputsp.data. Using compiled defaults
 Size:  162x 162x 162
 Iterations:  400    dt:    0.0006700
 Number of available threads:     4

 Time step    1
 Time step   20
 Time step   40
 Time step   60
 Time step   80
 Time step  100
 Time step  120
 Time step  140
 Time step  160
 Time step  180
 Time step  200
 Time step  220
 Time step  240
 Time step  260
 Time step  280
 Time step  300
 Time step  320
 Time step  340
 Time step  360
 Time step  380
 Time step  400
 Verification being performed for class C
 accuracy setting for epsilon =  0.1000000000000E-07
 Comparison of RMS-norms of residual
           1 0.5881691581829E+03 0.5881691581829E+03 0.7093719360045E-13
           2 0.2454417603569E+03 0.2454417603569E+03 0.4319272157324E-13
           3 0.3293829191851E+03 0.3293829191851E+03 0.3934721184793E-13
           4 0.3081924971891E+03 0.3081924971891E+03 0.1497663198681E-12
           5 0.4597223799176E+03 0.4597223799176E+03 0.2707875290463E-13
 Comparison of RMS-norms of solution error
           1 0.2598120500183E+00 0.2598120500183E+00 0.6837084112439E-14
           2 0.2590888922315E-01 0.2590888922315E-01 0.1596201493283E-12
           3 0.5132886416320E-01 0.5132886416320E-01 0.3947402797574E-13
           4 0.4806073419454E-01 0.4806073419454E-01 0.1775844594312E-13
           5 0.5483377491301E+00 0.5483377491301E+00 0.7187708202968E-13
 Verification Successful


 SP Benchmark Completed.
 Class           =                        C
 Size            =            162x 162x 162
 Iterations      =                      400
 Time in seconds =                   683.34
 Total threads   =                        4
 Avail threads   =                        4
 Mop/s total     =                  2122.08
 Mop/s/thread    =                   530.52
 Operation type  =           floating point
 Verification    =               SUCCESSFUL
 Version         =                    3.4.3
 Compile date    =              14 Mar 2025

 Compile options:
    FC           = gfortran
    FLINK        = $(FC)
    F_LIB        = (none)
    F_INC        = (none)
    FFLAGS       = -O3 -fopenmp
    FLINKFLAGS   = $(FFLAGS)
    RAND         = (none)


 Please send all errors/feedbacks to:

 NPB Development Team
 npb@nas.nasa.gov


ROI started
PAPI initialized
PAPI region begin
PAPI region end
PAPI ended
