cset: --> last message, executed args into cpuset "/measurement/18_23", new pid is: 169017


 NAS Parallel Benchmarks (NPB3.4-OMP) - CG Benchmark

 Size:      150000
 Iterations:                     75
 Number of available threads:     4

 Initialization time =           2.939 seconds

   iteration           ||r||                 zeta
        1       0.35170971763345E-12   109.9994423237398
        5       0.88685703150116E-15    28.6471670038893
       10       0.90803190744204E-15    28.9496695449003
       15       0.90127925690661E-15    28.9716336228371
       20       0.90934069305089E-15    28.9734210663747
       25       0.90283519521864E-15    28.9735863059382
       30       0.90515343922774E-15    28.9736033967627
       35       0.90499657852982E-15    28.9736053266246
       40       0.90209975372380E-15    28.9736055590700
       45       0.90455097913938E-15    28.9736055884132
       50       0.90394026591873E-15    28.9736055922485
       55       0.89779624269556E-15    28.9736055927632
       60       0.90249302210848E-15    28.9736055928339
       65       0.90019895988645E-15    28.9736055928440
       70       0.89725974367004E-15    28.9736055928454
       75       0.89558476317363E-15    28.9736055928458
 Benchmark completed 
 VERIFICATION SUCCESSFUL 
 Zeta is     0.2897360559285E+02
 Error is    0.2758926827966E-13


 CG Benchmark Completed.
 Class           =                        C
 Size            =                   150000
 Iterations      =                       75
 Time in seconds =                    34.11
 Total threads   =                        4
 Avail threads   =                        4
 Mop/s total     =                  4202.18
 Mop/s/thread    =                  1050.55
 Operation type  =           floating point
 Verification    =               SUCCESSFUL
 Version         =                    3.4.3
 Compile date    =              14 Mar 2025

 Compile options:
    FC           = gfortran
    FLINK        = $(FC)
    F_LIB        = (none)
    F_INC        = (none)
    FFLAGS       = -O3 -fopenmp
    FLINKFLAGS   = $(FFLAGS)
    RAND         = randi8


 Please send all errors/feedbacks to:

 NPB Development Team
 npb@nas.nasa.gov


ROI started
PAPI initialized
PAPI region begin
PAPI region end
PAPI ended
