cset: --> last message, executed args into cpuset "/measurement/36_39", new pid is: 3905239


 NAS Parallel Benchmarks (NPB3.4-OMP) - CG Benchmark

 Size:      150000
 Iterations:                     75
 Number of available threads:     4

 Initialization time =           5.350 seconds

   iteration           ||r||                 zeta
        1       0.35170971763345E-12   109.9994423237398
        5       0.88720532075366E-15    28.6471670038893
       10       0.90734056395701E-15    28.9496695449003
       15       0.90169771794701E-15    28.9716336228371
       20       0.90832226742142E-15    28.9734210663747
       25       0.90235042813757E-15    28.9735863059382
       30       0.90455373739515E-15    28.9736033967628
       35       0.90585636773676E-15    28.9736053266246
       40       0.90135121322876E-15    28.9736055590700
Warmup threshold: 157442031
Start threshold: 80362
End threshold: 164882
ROI begin
Time taken: 67589342 ns
