cset: --> last message, executed args into cpuset "/measurement/20_23", new pid is: 3904627


 NAS Parallel Benchmarks (NPB3.4-OMP) - CG Benchmark

 Size:      150000
 Iterations:                     75
 Number of available threads:     4

 Initialization time =           4.992 seconds

   iteration           ||r||                 zeta
        1       0.35165101100351E-12   109.9994423237398
        5       0.88676318390141E-15    28.6471670038893
       10       0.90664243592035E-15    28.9496695449003
       15       0.90100063235184E-15    28.9716336228371
       20       0.90864996169711E-15    28.9734210663747
       25       0.90319986638567E-15    28.9735863059382
       30       0.90377088323129E-15    28.9736033967627
       35       0.90522964108201E-15    28.9736053266246
       40       0.90131505829243E-15    28.9736055590700
       45       0.90478527215927E-15    28.9736055884132
       50       0.90307758998668E-15    28.9736055922485
       55       0.89762523000367E-15    28.9736055927632
Warmup threshold: 219461331
Start threshold: 80401
End threshold: 164838
ROI begin
Time taken: 55284654 ns
