cset: --> last message, executed args into cpuset "/measurement/32_35", new pid is: 3912147


 NAS Parallel Benchmarks (NPB3.4-OMP) - CG Benchmark

 Size:      150000
 Iterations:                     75
 Number of available threads:     4

 Initialization time =           5.186 seconds

   iteration           ||r||                 zeta
        1       0.35170971763345E-12   109.9994423237398
        5       0.88703570551859E-15    28.6471670038893
       10       0.90708827788104E-15    28.9496695449003
       15       0.90223001861979E-15    28.9716336228371
       20       0.90940104708288E-15    28.9734210663747
       25       0.90337592815724E-15    28.9735863059382
       30       0.90546915868299E-15    28.9736033967627
       35       0.90449676056838E-15    28.9736053266246
       40       0.90224660978605E-15    28.9736055590700
       45       0.90389342916468E-15    28.9736055884132
       50       0.90333282693368E-15    28.9736055922485
Warmup threshold: 190086613
Start threshold: 80431
End threshold: 6344
ROI begin
Time taken: 288405134 ns
