cset: --> last message, executed args into cpuset "/measurement/20_23", new pid is: 3913051


 NAS Parallel Benchmarks (NPB3.4-OMP) - CG Benchmark

 Size:      150000
 Iterations:                     75
 Number of available threads:     4

 Initialization time =           4.857 seconds

   iteration           ||r||                 zeta
        1       0.35171048864040E-12   109.9994423237398
        5       0.88578618132457E-15    28.6471670038893
       10       0.90754159787701E-15    28.9496695449003
       15       0.90255813524218E-15    28.9716336228371
       20       0.90985351758202E-15    28.9734210663747
       25       0.90273688943560E-15    28.9735863059382
       30       0.90449492486534E-15    28.9736033967627
       35       0.90380416435428E-15    28.9736053266246
       40       0.90137691148376E-15    28.9736055590699
       45       0.90328625067414E-15    28.9736055884132
Warmup threshold: 183715539
Start threshold: 80360
End threshold: 164888
ROI begin
Time taken: 46639623 ns
