cset: --> last message, executed args into cpuset "/measurement/6_11", new pid is: 172609


 NAS Parallel Benchmarks (NPB3.4-OMP) - CG Benchmark

 Size:      150000
 Iterations:                     75
 Number of available threads:     4

 Initialization time =           3.119 seconds

   iteration           ||r||                 zeta
        1       0.35171080405185E-12   109.9994423237398
        5       0.88622424277102E-15    28.6471670038893
       10       0.90678730735646E-15    28.9496695449003
       15       0.90180874628201E-15    28.9716336228371
       20       0.90808541818721E-15    28.9734210663747
       25       0.90284891049798E-15    28.9735863059382
       30       0.90427588087718E-15    28.9736033967628
       35       0.90591367752117E-15    28.9736053266246
       40       0.90215748904456E-15    28.9736055590700
       45       0.90322840083025E-15    28.9736055884132
Warmup threshold: 184610059
Start threshold: 82430
End threshold: 160760
ROI begin
Time taken: 24837186 ns
