cset: --> last message, executed args into cpuset "/measurement/36_39", new pid is: 3910462


 NAS Parallel Benchmarks (NPB3.4-OMP) - CG Benchmark

 Size:      150000
 Iterations:                     75
 Number of available threads:     4

 Initialization time =           5.205 seconds

   iteration           ||r||                 zeta
        1       0.35179744387599E-12   109.9994423237398
        5       0.88653547602931E-15    28.6471670038893
       10       0.90821431574377E-15    28.9496695449003
       15       0.90142011804696E-15    28.9716336228371
       20       0.90999434970207E-15    28.9734210663747
       25       0.90314936520454E-15    28.9735863059382
       30       0.90423240533494E-15    28.9736033967627
       35       0.90483451201137E-15    28.9736053266246
       40       0.90100013128290E-15    28.9736055590700
Warmup threshold: 161438880
Start threshold: 82475
End threshold: 160764
ROI begin
Time taken: 56592064 ns
