cset: --> last message, executed args into cpuset "/measurement/48_51", new pid is: 3908161


 NAS Parallel Benchmarks (NPB3.4-OMP) - CG Benchmark

 Size:      150000
 Iterations:                     75
 Number of available threads:     4

 Initialization time =           5.139 seconds

   iteration           ||r||                 zeta
        1       0.35181075771063E-12   109.9994423237398
        5       0.88593187426012E-15    28.6471670038893
       10       0.90747132454013E-15    28.9496695449003
       15       0.90280205577980E-15    28.9716336228371
       20       0.90895688632918E-15    28.9734210663747
       25       0.90208011143834E-15    28.9735863059382
       30       0.90404271669332E-15    28.9736033967627
       35       0.90525799995507E-15    28.9736053266246
       40       0.90183342662180E-15    28.9736055590700
       45       0.90439886081899E-15    28.9736055884132
Warmup threshold: 184610059
Start threshold: 82430
End threshold: 160760
ROI begin
Time taken: 46818609 ns
