cset: --> last message, executed args into cpuset "/measurement/6_11", new pid is: 201090


 NAS Parallel Benchmarks (NPB3.4-OMP) - CG Benchmark

 Size:      150000
 Iterations:                     75
 Number of available threads:     4

 Initialization time =           3.230 seconds

   iteration           ||r||                 zeta
        1       0.35171027836595E-12   109.9994423237398
        5       0.88660391849760E-15    28.6471670038893
       10       0.90706413821028E-15    28.9496695449003
       15       0.90129345641968E-15    28.9716336228371
       20       0.90835428180895E-15    28.9734210663747
       25       0.90412585379318E-15    28.9735863059382
       30       0.90369298728910E-15    28.9736033967628
       35       0.90509833098308E-15    28.9736053266246
       40       0.90139639467174E-15    28.9736055590699
Warmup threshold: 1
Start threshold: 155441782
End threshold: 82441
ROI begin
Time taken: 11452660 ns
