cset: --> last message, executed args into cpuset "/measurement/52_55", new pid is: 3910099


 NAS Parallel Benchmarks (NPB3.4-OMP) - CG Benchmark

 Size:      150000
 Iterations:                     75
 Number of available threads:     4

 Initialization time =           5.143 seconds

   iteration           ||r||                 zeta
        1       0.35171185542131E-12   109.9994423237398
        5       0.88719994147851E-15    28.6471670038893
       10       0.90657706547139E-15    28.9496695449003
       15       0.90174698340904E-15    28.9716336228371
       20       0.90986530704438E-15    28.9734210663748
       25       0.90345585595928E-15    28.9735863059382
       30       0.90440029501310E-15    28.9736033967627
       35       0.90558712960257E-15    28.9736053266246
       40       0.90060927460090E-15    28.9736055590699
       45       0.90390980895467E-15    28.9736055884132
Warmup threshold: 171885687
Start threshold: 82380
End threshold: 160884
ROI begin
Time taken: 51574959 ns
