cset: --> last message, executed args into cpuset "/measurement/56_59", new pid is: 3905214


 NAS Parallel Benchmarks (NPB3.4-OMP) - CG Benchmark

 Size:      150000
 Iterations:                     75
 Number of available threads:     4

 Initialization time =           4.904 seconds

   iteration           ||r||                 zeta
        1       0.35170984029376E-12   109.9994423237398
        5       0.88669468081285E-15    28.6471670038893
       10       0.90687259852853E-15    28.9496695449003
       15       0.90173501081274E-15    28.9716336228371
       20       0.90926755059603E-15    28.9734210663747
       25       0.90236569975508E-15    28.9735863059382
       30       0.90470872672754E-15    28.9736033967627
       35       0.90525116606935E-15    28.9736053266246
Warmup threshold: 5131010
Start threshold: 82449
End threshold: 87414
ROI begin
Time taken: 39564882 ns
