cset: --> last message, executed args into cpuset "/measurement/40_43", new pid is: 3912386


 NAS Parallel Benchmarks (NPB3.4-OMP) - CG Benchmark

 Size:      150000
 Iterations:                     75
 Number of available threads:     4

 Initialization time =           5.143 seconds

   iteration           ||r||                 zeta
        1       0.35163706016614E-12   109.9994423237398
        5       0.88561112437447E-15    28.6471670038893
       10       0.90738232466949E-15    28.9496695449003
       15       0.90209712682297E-15    28.9716336228371
       20       0.90858286619363E-15    28.9734210663747
       25       0.90256116657989E-15    28.9735863059382
       30       0.90448465744960E-15    28.9736033967627
       35       0.90473371246151E-15    28.9736053266246
       40       0.90246247519033E-15    28.9736055590700
       45       0.90434787254243E-15    28.9736055884132
       50       0.90321126196988E-15    28.9736055922485
       55       0.89794359803840E-15    28.9736055927632
Warmup threshold: 206817358
Start threshold: 82435
End threshold: 160854
ROI begin
Time taken: 53879049 ns
