cset: --> last message, executed args into cpuset "/measurement/28_31", new pid is: 3906298


 NAS Parallel Benchmarks (NPB3.4-OMP) - CG Benchmark

 Size:      150000
 Iterations:                     75
 Number of available threads:     4

 Initialization time =           5.279 seconds

   iteration           ||r||                 zeta
        1       0.35170367217941E-12   109.9994423237398
        5       0.88697314090577E-15    28.6471670038893
       10       0.90670456864757E-15    28.9496695449003
       15       0.90166596139338E-15    28.9716336228371
       20       0.90885267596964E-15    28.9734210663747
       25       0.90341708330530E-15    28.9735863059382
       30       0.90442045919220E-15    28.9736033967627
       35       0.90501813300812E-15    28.9736053266246
       40       0.90205267969026E-15    28.9736055590700
       45       0.90439499323577E-15    28.9736055884132
       50       0.90306262003070E-15    28.9736055922485
Warmup threshold: 197019858
Start threshold: 160722
End threshold: 164926
ROI begin
Time taken: 67302430 ns
