cset: --> last message, executed args into cpuset "/measurement/24_27", new pid is: 3910964


 NAS Parallel Benchmarks (NPB3.4-OMP) - CG Benchmark

 Size:      150000
 Iterations:                     75
 Number of available threads:     4

 Initialization time =           5.207 seconds

   iteration           ||r||                 zeta
        1       0.35171027836595E-12   109.9994423237398
        5       0.88646044444342E-15    28.6471670038893
       10       0.90682382905982E-15    28.9496695449003
       15       0.90173406774506E-15    28.9716336228371
       20       0.90996535810787E-15    28.9734210663748
       25       0.90309635638494E-15    28.9735863059382
       30       0.90432198086806E-15    28.9736033967627
       35       0.90456624325052E-15    28.9736053266246
       40       0.90321713072710E-15    28.9736055590700
       45       0.90515551100763E-15    28.9736055884133
Warmup threshold: 183715539
Start threshold: 80360
End threshold: 164888
ROI begin
Time taken: 52217408 ns
