cset: --> last message, executed args into cpuset "/measurement/12_17", new pid is: 198577


 NAS Parallel Benchmarks (NPB3.4-OMP) - CG Benchmark

 Size:      150000
 Iterations:                     75
 Number of available threads:     4

 Initialization time =           3.190 seconds

   iteration           ||r||                 zeta
        1       0.35171080405185E-12   109.9994423237398
        5       0.88677231061878E-15    28.6471670038893
       10       0.90712815018210E-15    28.9496695449003
       15       0.90168424181630E-15    28.9716336228371
       20       0.90908050992256E-15    28.9734210663747
       25       0.90371215592545E-15    28.9735863059382
       30       0.90434397305777E-15    28.9736033967627
       35       0.90514460945569E-15    28.9736053266246
       40       0.90164601672814E-15    28.9736055590699
       45       0.90418953628982E-15    28.9736055884132
       50       0.90409807618329E-15    28.9736055922486
       55       0.89797427699670E-15    28.9736055927632
       60       0.90267851075875E-15    28.9736055928339
Warmup threshold: 1
Start threshold: 238916406
End threshold: 80359
ROI begin
Time taken: 10914418 ns
