cset: --> last message, executed args into cpuset "/measurement/24_27", new pid is: 3901040


 NAS Parallel Benchmarks (NPB3.4-OMP) - LU Benchmark

 Size:  162x 162x 162
 Iterations:                    250
 Number of available threads:     4

 Time step    1
 Time step   20
 Time step   40
 Time step   60
 Time step   80
 Time step  100
 Time step  120
 Time step  140
 Time step  160
 Time step  180
Warmup threshold: 5056977
Start threshold: 19668
End threshold: 1168
ROI begin
Time taken: 44859610 ns
