cset: --> last message, executed args into cpuset "/measurement/40_43", new pid is: 3908447


 NAS Parallel Benchmarks (NPB3.4-OMP) - CG Benchmark

 Size:      150000
 Iterations:                     75
 Number of available threads:     4

 Initialization time =           4.911 seconds

   iteration           ||r||                 zeta
        1       0.35170984029376E-12   109.9994423237398
        5       0.88624269953713E-15    28.6471670038893
       10       0.90701457875850E-15    28.9496695449003
       15       0.90164503078901E-15    28.9716336228371
       20       0.90887237195422E-15    28.9734210663747
       25       0.90323051484859E-15    28.9735863059382
       30       0.90531382682351E-15    28.9736033967627
       35       0.90558013837739E-15    28.9736053266246
       40       0.90108122784369E-15    28.9736055590699
       45       0.90521892871616E-15    28.9736055884132
       50       0.90294128475402E-15    28.9736055922485
Warmup threshold: 197019858
Start threshold: 160722
End threshold: 164926
ROI begin
Time taken: 47322450 ns
