cset: --> last message, executed args into cpuset "/measurement/20_23", new pid is: 3911208


 NAS Parallel Benchmarks (NPB3.4-OMP) - CG Benchmark

 Size:      150000
 Iterations:                     75
 Number of available threads:     4

 Initialization time =           5.123 seconds

   iteration           ||r||                 zeta
        1       0.35170984029376E-12   109.9994423237398
        5       0.88593514492722E-15    28.6471670038893
       10       0.90674564077650E-15    28.9496695449003
       15       0.90174734270668E-15    28.9716336228371
       20       0.90879644360770E-15    28.9734210663747
       25       0.90356306746738E-15    28.9735863059382
       30       0.90370300680071E-15    28.9736033967627
       35       0.90482682886436E-15    28.9736053266246
       40       0.90218783700483E-15    28.9736055590700
       45       0.90354388794354E-15    28.9736055884132
Warmup threshold: 185667404
Start threshold: 80376
End threshold: 164930
ROI begin
Time taken: 57634695 ns
