cset: --> last message, executed args into cpuset "/measurement/18_23", new pid is: 201148


 NAS Parallel Benchmarks (NPB3.4-OMP) - CG Benchmark

 Size:      150000
 Iterations:                     75
 Number of available threads:     4

 Initialization time =           3.281 seconds

   iteration           ||r||                 zeta
        1       0.35171027836595E-12   109.9994423237398
        5       0.88564741935031E-15    28.6471670038893
       10       0.90631549761526E-15    28.9496695449003
       15       0.90145930625757E-15    28.9716336228371
       20       0.90760021702971E-15    28.9734210663747
       25       0.90267785923695E-15    28.9735863059382
       30       0.90504977194015E-15    28.9736033967627
       35       0.90582438591485E-15    28.9736053266246
       40       0.90181796594861E-15    28.9736055590700
       45       0.90408234828281E-15    28.9736055884132
       50       0.90262043068701E-15    28.9736055922485
       55       0.89771824570670E-15    28.9736055927632
Warmup threshold: 1
Start threshold: 216312142
End threshold: 82419
ROI begin
Time taken: 10295583 ns
