cset: --> last message, executed args into cpuset "/measurement/6_11", new pid is: 172011


 NAS Parallel Benchmarks (NPB3.4-OMP) - CG Benchmark

 Size:      150000
 Iterations:                     75
 Number of available threads:     4

 Initialization time =           3.025 seconds

   iteration           ||r||                 zeta
        1       0.35170971763345E-12   109.9994423237398
        5       0.88650434237165E-15    28.6471670038893
       10       0.90687279944054E-15    28.9496695449003
       15       0.90169367256238E-15    28.9716336228371
       20       0.90999986711547E-15    28.9734210663747
       25       0.90273184279568E-15    28.9735863059382
       30       0.90477219442851E-15    28.9736033967627
       35       0.90632575766531E-15    28.9736053266246
       40       0.90216601864566E-15    28.9736055590700
       45       0.90406316555409E-15    28.9736055884132
Warmup threshold: 171885687
Start threshold: 82380
End threshold: 160884
ROI begin
Time taken: 22180747 ns
