cset: --> last message, executed args into cpuset "/measurement/52_55", new pid is: 3911285


 NAS Parallel Benchmarks (NPB3.4-OMP) - CG Benchmark

 Size:      150000
 Iterations:                     75
 Number of available threads:     4

 Initialization time =           5.121 seconds

   iteration           ||r||                 zeta
        1       0.35165481408805E-12   109.9994423237398
        5       0.88513565488121E-15    28.6471670038893
       10       0.90645826861889E-15    28.9496695449003
       15       0.90178972375163E-15    28.9716336228371
       20       0.90911280065847E-15    28.9734210663747
       25       0.90338087808073E-15    28.9735863059382
       30       0.90463384091351E-15    28.9736033967627
       35       0.90475844212452E-15    28.9736053266246
       40       0.90219502959824E-15    28.9736055590700
       45       0.90407885925140E-15    28.9736055884132
       50       0.90365374187887E-15    28.9736055922486
       55       0.89904489390803E-15    28.9736055927632
Warmup threshold: 213091832
Start threshold: 25022
End threshold: 164890
ROI begin
Time taken: 1073001021 ns
