cset: --> last message, executed args into cpuset "/measurement/18_23", new pid is: 168887


 NAS Parallel Benchmarks (NPB3.4-OMP) - CG Benchmark

 Size:      150000
 Iterations:                     75
 Number of available threads:     4

 Initialization time =           3.311 seconds

   iteration           ||r||                 zeta
        1       0.35170971763345E-12   109.9994423237398
        5       0.88632286893373E-15    28.6471670038893
       10       0.90711290771778E-15    28.9496695449003
       15       0.90175003417552E-15    28.9716336228371
       20       0.90895338650673E-15    28.9734210663747
       25       0.90322660931988E-15    28.9735863059382
       30       0.90425518089744E-15    28.9736033967627
       35       0.90487810395771E-15    28.9736053266246
       40       0.90270503555782E-15    28.9736055590699
       45       0.90406664773859E-15    28.9736055884132
       50       0.90393447459867E-15    28.9736055922485
       55       0.89839225755215E-15    28.9736055927632
       60       0.90285618041887E-15    28.9736055928339
       65       0.90010520434086E-15    28.9736055928441
       70       0.89689612021135E-15    28.9736055928455
       75       0.89570705848807E-15    28.9736055928458
 Benchmark completed 
 VERIFICATION SUCCESSFUL 
 Zeta is     0.2897360559285E+02
 Error is    0.2807974416019E-13


 CG Benchmark Completed.
 Class           =                        C
 Size            =                   150000
 Iterations      =                       75
 Time in seconds =                    36.79
 Total threads   =                        4
 Avail threads   =                        4
 Mop/s total     =                  3895.86
 Mop/s/thread    =                   973.96
 Operation type  =           floating point
 Verification    =               SUCCESSFUL
 Version         =                    3.4.3
 Compile date    =              14 Mar 2025

 Compile options:
    FC           = gfortran
    FLINK        = $(FC)
    F_LIB        = (none)
    F_INC        = (none)
    FFLAGS       = -O3 -fopenmp
    FLINKFLAGS   = $(FFLAGS)
    RAND         = randi8


 Please send all errors/feedbacks to:

 NPB Development Team
 npb@nas.nasa.gov


ROI started
PAPI initialized
PAPI region begin
PAPI region end
PAPI ended
