cset: --> last message, executed args into cpuset "/measurement/60_63", new pid is: 3910043


 NAS Parallel Benchmarks (NPB3.4-OMP) - CG Benchmark

 Size:      150000
 Iterations:                     75
 Number of available threads:     4

 Initialization time =           5.154 seconds

   iteration           ||r||                 zeta
        1       0.35165481408805E-12   109.9994423237398
        5       0.88675619132745E-15    28.6471670038893
       10       0.90755071316161E-15    28.9496695449003
       15       0.90224080108042E-15    28.9716336228371
       20       0.90809736814032E-15    28.9734210663747
       25       0.90326524089756E-15    28.9735863059382
       30       0.90454449688033E-15    28.9736033967627
       35       0.90505730829647E-15    28.9736053266246
       40       0.90209627249828E-15    28.9736055590700
       45       0.90429838114783E-15    28.9736055884132
       50       0.90356097536766E-15    28.9736055922485
       55       0.89827795049319E-15    28.9736055927632
       60       0.90227805236451E-15    28.9736055928339
       65       0.90126513746404E-15    28.9736055928440
       70       0.89749585249336E-15    28.9736055928455
       75       0.89502094528648E-15    28.9736055928458
 Benchmark completed 
 VERIFICATION SUCCESSFUL 
 Zeta is     0.2897360559285E+02
 Error is    0.2807974416019E-13


 CG Benchmark Completed.
 Class           =                        C
 Size            =                   150000
 Iterations      =                       75
 Time in seconds =                    95.89
 Total threads   =                        4
 Avail threads   =                        4
 Mop/s total     =                  1494.93
 Mop/s/thread    =                   373.73
 Operation type  =           floating point
 Verification    =               SUCCESSFUL
 Version         =                    3.4.3
 Compile date    =              14 Mar 2025

 Compile options:
    FC           = gfortran
    FLINK        = $(FC)
    F_LIB        = (none)
    F_INC        = (none)
    FFLAGS       = -O3 -fopenmp
    FLINKFLAGS   = $(FFLAGS)
    RAND         = randi8


 Please send all errors/feedbacks to:

 NPB Development Team
 npb@nas.nasa.gov


Warmup threshold: 281484016
Start threshold: 82447
End threshold: 160738
ROI begin
ROI end
