cset: --> last message, executed args into cpuset "/measurement/44_47", new pid is: 3913251


 NAS Parallel Benchmarks (NPB3.4-OMP) - CG Benchmark

 Size:      150000
 Iterations:                     75
 Number of available threads:     4

 Initialization time =           4.900 seconds

   iteration           ||r||                 zeta
        1       0.35181275474238E-12   109.9994423237398
        5       0.88630865131513E-15    28.6471670038893
       10       0.90676923149392E-15    28.9496695449003
       15       0.90191898017584E-15    28.9716336228371
       20       0.90929133080074E-15    28.9734210663747
       25       0.90224329727721E-15    28.9735863059382
       30       0.90519552322878E-15    28.9736033967627
       35       0.90472778532982E-15    28.9736053266246
       40       0.90144111581439E-15    28.9736055590699
       45       0.90339746152966E-15    28.9736055884132
       50       0.90314995049526E-15    28.9736055922485
Warmup threshold: 197019858
Start threshold: 160722
End threshold: 164926
ROI begin
Time taken: 50558820 ns
