cset: --> last message, executed args into cpuset "/measurement/48_51", new pid is: 3906338


 NAS Parallel Benchmarks (NPB3.4-OMP) - CG Benchmark

 Size:      150000
 Iterations:                     75
 Number of available threads:     4

 Initialization time =           4.913 seconds

   iteration           ||r||                 zeta
        1       0.35181275474238E-12   109.9994423237398
        5       0.88564848780301E-15    28.6471670038893
       10       0.90726191328301E-15    28.9496695449003
       15       0.90189071426013E-15    28.9716336228371
       20       0.90877997080603E-15    28.9734210663747
       25       0.90235185011788E-15    28.9735863059382
       30       0.90448273765208E-15    28.9736033967628
       35       0.90541501538078E-15    28.9736053266246
       40       0.90160997261879E-15    28.9736055590700
       45       0.90443615318828E-15    28.9736055884132
Warmup threshold: 171885687
Start threshold: 82380
End threshold: 160884
ROI begin
Time taken: 47066178 ns
