cset: --> last message, executed args into cpuset "/measurement/36_39", new pid is: 3911876


 NAS Parallel Benchmarks (NPB3.4-OMP) - CG Benchmark

 Size:      150000
 Iterations:                     75
 Number of available threads:     4

 Initialization time =           5.010 seconds

   iteration           ||r||                 zeta
        1       0.35171027836595E-12   109.9994423237398
        5       0.88633387019012E-15    28.6471670038893
       10       0.90693287985877E-15    28.9496695449003
       15       0.90182723562264E-15    28.9716336228371
       20       0.90910558763961E-15    28.9734210663747
       25       0.90338089841224E-15    28.9735863059382
       30       0.90549977496181E-15    28.9736033967628
       35       0.90515307154212E-15    28.9736053266246
       40       0.90239196100809E-15    28.9736055590700
       45       0.90363191785599E-15    28.9736055884132
       50       0.90355341311449E-15    28.9736055922485
Warmup threshold: 201505171
Start threshold: 1
End threshold: 164928
ROI begin
Time taken: 51123704 ns
