cset: --> last message, executed args into cpuset "/measurement/12_17", new pid is: 169783


 NAS Parallel Benchmarks (NPB3.4-OMP) - SP Benchmark

 No input file inputsp.data. Using compiled defaults
 Size:  162x 162x 162
 Iterations:  400    dt:    0.0006700
 Number of available threads:     4

 Time step    1
 Time step   20
 Time step   40
 Time step   60
 Time step   80
 Time step  100
 Time step  120
 Time step  140
 Time step  160
 Time step  180
Warmup threshold: 5193569
Start threshold: 8175
End threshold: 6572
ROI begin
Time taken: 25872767 ns
