cset: --> last message, executed args into cpuset "/measurement/40_43", new pid is: 3907716


 NAS Parallel Benchmarks (NPB3.4-OMP) - CG Benchmark

 Size:      150000
 Iterations:                     75
 Number of available threads:     4

 Initialization time =           5.023 seconds

   iteration           ||r||                 zeta
        1       0.35171027836595E-12   109.9994423237398
        5       0.88667585562157E-15    28.6471670038893
       10       0.90723927960603E-15    28.9496695449003
       15       0.90210815723039E-15    28.9716336228371
       20       0.90904715769331E-15    28.9734210663747
       25       0.90386935454086E-15    28.9735863059382
       30       0.90467984754516E-15    28.9736033967627
       35       0.90442892033696E-15    28.9736053266246
       40       0.90127226364878E-15    28.9736055590700
       45       0.90399652322226E-15    28.9736055884132
Warmup threshold: 171885687
Start threshold: 82380
End threshold: 160884
ROI begin
Time taken: 55364201 ns
