cset: --> last message, executed args into cpuset "/measurement/20_23", new pid is: 3906516


 NAS Parallel Benchmarks (NPB3.4-OMP) - CG Benchmark

 Size:      150000
 Iterations:                     75
 Number of available threads:     4

 Initialization time =           5.488 seconds

   iteration           ||r||                 zeta
        1       0.35179751395012E-12   109.9994423237398
        5       0.88648396169782E-15    28.6471670038893
       10       0.90683182380943E-15    28.9496695449003
       15       0.90109845328284E-15    28.9716336228371
       20       0.90865488935848E-15    28.9734210663747
       25       0.90261548920946E-15    28.9735863059382
       30       0.90470621540731E-15    28.9736033967627
       35       0.90495676778012E-15    28.9736053266246
       40       0.90204368925146E-15    28.9736055590700
       45       0.90390908964002E-15    28.9736055884132
       50       0.90404431886116E-15    28.9736055922485
       55       0.89761565993164E-15    28.9736055927632
Warmup threshold: 219461331
Start threshold: 80401
End threshold: 164838
ROI begin
Time taken: 53471573 ns
