cset: --> last message, executed args into cpuset "/measurement/44_47", new pid is: 3902047


 NAS Parallel Benchmarks (NPB3.4-OMP) - LU Benchmark

 Size:  162x 162x 162
 Iterations:                    250
 Number of available threads:     4

 Time step    1
 Time step   20
 Time step   40
 Time step   60
 Time step   80
 Time step  100
 Time step  120
 Time step  140
 Time step  160
 Time step  180
Warmup threshold: 4744943
Start threshold: 9501
End threshold: 4480
ROI begin
Time taken: 29181213 ns
