cset: --> last message, executed args into cpuset "/measurement/18_23", new pid is: 172769


 NAS Parallel Benchmarks (NPB3.4-OMP) - CG Benchmark

 Size:      150000
 Iterations:                     75
 Number of available threads:     4

 Initialization time =           3.206 seconds

   iteration           ||r||                 zeta
        1       0.35170833332126E-12   109.9994423237398
        5       0.88620790128178E-15    28.6471670038893
       10       0.90578871733913E-15    28.9496695449003
       15       0.90263540716264E-15    28.9716336228371
       20       0.90816408208047E-15    28.9734210663747
       25       0.90230889579799E-15    28.9735863059382
       30       0.90499023462960E-15    28.9736033967628
       35       0.90463763235351E-15    28.9736053266246
Warmup threshold: 137371275
Start threshold: 80396
End threshold: 164868
ROI begin
Time taken: 22505976 ns
