cset: --> last message, executed args into cpuset "/measurement/56_59", new pid is: 3911144


 NAS Parallel Benchmarks (NPB3.4-OMP) - CG Benchmark

 Size:      150000
 Iterations:                     75
 Number of available threads:     4

 Initialization time =           4.895 seconds

   iteration           ||r||                 zeta
        1       0.35182570013813E-12   109.9994423237398
        5       0.88645227591362E-15    28.6471670038893
       10       0.90700160080749E-15    28.9496695449003
       15       0.90099993069217E-15    28.9716336228371
       20       0.90918512244433E-15    28.9734210663747
       25       0.90214060102711E-15    28.9735863059382
       30       0.90449888664899E-15    28.9736033967627
       35       0.90560645649985E-15    28.9736053266246
       40       0.90175360146942E-15    28.9736055590700
       45       0.90420995298597E-15    28.9736055884132
       50       0.90312537812696E-15    28.9736055922485
       55       0.89711088174875E-15    28.9736055927632
Warmup threshold: 215219226
Start threshold: 80374
End threshold: 164822
ROI begin
Time taken: 49026412 ns
