cset: --> last message, executed args into cpuset "/measurement/48_51", new pid is: 3907729


 NAS Parallel Benchmarks (NPB3.4-OMP) - CG Benchmark

 Size:      150000
 Iterations:                     75
 Number of available threads:     4

 Initialization time =           5.047 seconds

   iteration           ||r||                 zeta
        1       0.35170971763345E-12   109.9994423237398
        5       0.88623092783886E-15    28.6471670038893
       10       0.90603450040411E-15    28.9496695449003
       15       0.90173820297747E-15    28.9716336228371
       20       0.90954407162765E-15    28.9734210663748
       25       0.90226237375778E-15    28.9735863059382
       30       0.90384706265076E-15    28.9736033967627
       35       0.90440636766876E-15    28.9736053266246
       40       0.90221094552667E-15    28.9736055590699
       45       0.90387577295890E-15    28.9736055884132
       50       0.90341449723690E-15    28.9736055922485
Warmup threshold: 201505171
Start threshold: 1
End threshold: 164928
ROI begin
Time taken: 50094761 ns
