cset: --> last message, executed args into cpuset "/measurement/52_55", new pid is: 3915088


 NAS Parallel Benchmarks (NPB3.4-OMP) - CG Benchmark

 Size:      150000
 Iterations:                     75
 Number of available threads:     4

 Initialization time =           4.966 seconds

   iteration           ||r||                 zeta
        1       0.35169769671548E-12   109.9994423237398
        5       0.88636390246069E-15    28.6471670038893
       10       0.90652443052013E-15    28.9496695449003
       15       0.90160284217692E-15    28.9716336228371
       20       0.90856720865027E-15    28.9734210663747
       25       0.90251444019452E-15    28.9735863059382
       30       0.90454264340541E-15    28.9736033967628
       35       0.90490539768757E-15    28.9736053266246
       40       0.90151604558007E-15    28.9736055590700
       45       0.90393207735274E-15    28.9736055884132
       50       0.90346458432408E-15    28.9736055922486
       55       0.89755189122254E-15    28.9736055927632
Warmup threshold: 206817358
Start threshold: 82435
End threshold: 160854
ROI begin
Time taken: 45613633 ns
