cset: --> last message, executed args into cpuset "/measurement/18_23", new pid is: 200245


 NAS Parallel Benchmarks (NPB3.4-OMP) - CG Benchmark

 Size:      150000
 Iterations:                     75
 Number of available threads:     4

 Initialization time =           3.236 seconds

   iteration           ||r||                 zeta
        1       0.35171027836595E-12   109.9994423237398
        5       0.88633191397911E-15    28.6471670038893
       10       0.90682134830742E-15    28.9496695449003
       15       0.90194853708610E-15    28.9716336228371
       20       0.90918521011978E-15    28.9734210663747
       25       0.90300173780883E-15    28.9735863059382
       30       0.90485708486197E-15    28.9736033967627
       35       0.90433385625386E-15    28.9736053266246
Warmup threshold: 1
Start threshold: 142554636
End threshold: 82404
ROI begin
Time taken: 10681345 ns
