cset: --> last message, executed args into cpuset "/measurement/44_47", new pid is: 3904067


 NAS Parallel Benchmarks (NPB3.4-OMP) - CG Benchmark

 Size:      150000
 Iterations:                     75
 Number of available threads:     4

 Initialization time =           4.876 seconds

   iteration           ||r||                 zeta
        1       0.35170367217941E-12   109.9994423237398
        5       0.88714315898770E-15    28.6471670038893
       10       0.90669064956242E-15    28.9496695449003
       15       0.90267662171048E-15    28.9716336228371
       20       0.90902040334017E-15    28.9734210663747
       25       0.90290800396598E-15    28.9735863059382
       30       0.90460699907799E-15    28.9736033967627
       35       0.90536297260504E-15    28.9736053266246
       40       0.90194108146099E-15    28.9736055590700
       45       0.90394287161459E-15    28.9736055884132
Warmup threshold: 184610059
Start threshold: 82430
End threshold: 160760
ROI begin
Time taken: 47768787 ns
