cset: --> last message, executed args into cpuset "/measurement/36_39", new pid is: 3905033


 NAS Parallel Benchmarks (NPB3.4-OMP) - CG Benchmark

 Size:      150000
 Iterations:                     75
 Number of available threads:     4

 Initialization time =           4.971 seconds

   iteration           ||r||                 zeta
        1       0.35165101100351E-12   109.9994423237398
        5       0.88655543785677E-15    28.6471670038893
       10       0.90732429670980E-15    28.9496695449003
       15       0.90186037748197E-15    28.9716336228371
       20       0.90974856602186E-15    28.9734210663747
       25       0.90328920799419E-15    28.9735863059382
       30       0.90431445706937E-15    28.9736033967627
       35       0.90419998581198E-15    28.9736053266246
       40       0.90186093550445E-15    28.9736055590700
       45       0.90427465731828E-15    28.9736055884132
Warmup threshold: 184610059
Start threshold: 82430
End threshold: 160760
ROI begin
Time taken: 65384654 ns
