cset: --> last message, executed args into cpuset "/measurement/44_47", new pid is: 3904752


 NAS Parallel Benchmarks (NPB3.4-OMP) - CG Benchmark

 Size:      150000
 Iterations:                     75
 Number of available threads:     4

 Initialization time =           5.138 seconds

   iteration           ||r||                 zeta
        1       0.35169752148040E-12   109.9994423237398
        5       0.88693499831353E-15    28.6471670038893
       10       0.90686084833854E-15    28.9496695449003
       15       0.90312141397876E-15    28.9716336228371
       20       0.90912633840011E-15    28.9734210663747
       25       0.90204060486322E-15    28.9735863059382
       30       0.90443604393236E-15    28.9736033967628
       35       0.90461703810948E-15    28.9736053266246
Warmup threshold: 5710897
Start threshold: 54636
End threshold: 164808
ROI begin
Time taken: 48789661 ns
