cset: --> last message, executed args into cpuset "/measurement/20_23", new pid is: 3906954


 NAS Parallel Benchmarks (NPB3.4-OMP) - CG Benchmark

 Size:      150000
 Iterations:                     75
 Number of available threads:     4

 Initialization time =           4.925 seconds

   iteration           ||r||                 zeta
        1       0.35182598041206E-12   109.9994423237398
        5       0.88620505608098E-15    28.6471670038893
       10       0.90775541704419E-15    28.9496695449003
       15       0.90243291353877E-15    28.9716336228371
       20       0.90860665138069E-15    28.9734210663747
       25       0.90254295479448E-15    28.9735863059382
       30       0.90431201858473E-15    28.9736033967627
       35       0.90497353748596E-15    28.9736053266246
       40       0.90136606041089E-15    28.9736055590700
Warmup threshold: 157442031
Start threshold: 80362
End threshold: 164882
ROI begin
Time taken: 49774311 ns
