cset: --> last message, executed args into cpuset "/measurement/64_67", new pid is: 3907542


 NAS Parallel Benchmarks (NPB3.4-OMP) - CG Benchmark

 Size:      150000
 Iterations:                     75
 Number of available threads:     4

 Initialization time =           4.965 seconds

   iteration           ||r||                 zeta
        1       0.35170984029376E-12   109.9994423237398
        5       0.88662019965516E-15    28.6471670038894
       10       0.90686808285714E-15    28.9496695449003
       15       0.90089104410311E-15    28.9716336228371
       20       0.90900111104225E-15    28.9734210663747
       25       0.90332640140461E-15    28.9735863059382
       30       0.90410685969987E-15    28.9736033967627
       35       0.90548152248113E-15    28.9736053266246
Warmup threshold: 137371275
Start threshold: 80396
End threshold: 164868
ROI begin
Time taken: 59859938 ns
