cset: --> last message, executed args into cpuset "/measurement/24_27", new pid is: 3904844


 NAS Parallel Benchmarks (NPB3.4-OMP) - CG Benchmark

 Size:      150000
 Iterations:                     75
 Number of available threads:     4

 Initialization time =           4.985 seconds

   iteration           ||r||                 zeta
        1       0.35170971763345E-12   109.9994423237398
        5       0.88624114103958E-15    28.6471670038893
       10       0.90811204799001E-15    28.9496695449003
       15       0.90256001843344E-15    28.9716336228371
       20       0.90931120755770E-15    28.9734210663747
       25       0.90293266158216E-15    28.9735863059382
       30       0.90429368404067E-15    28.9736033967627
       35       0.90479668593931E-15    28.9736053266246
       40       0.90243088191305E-15    28.9736055590699
       45       0.90354854097506E-15    28.9736055884132
Warmup threshold: 185667404
Start threshold: 80376
End threshold: 164930
ROI begin
Time taken: 52537621 ns
