cset: --> last message, executed args into cpuset "/measurement/28_31", new pid is: 3897705


 NAS Parallel Benchmarks (NPB3.4-OMP) - CG Benchmark

 Size:      150000
 Iterations:                     75
 Number of available threads:     4

 Initialization time =           4.977 seconds

   iteration           ||r||                 zeta
        1       0.35171080405185E-12   109.9994423237398
        5       0.88664268519225E-15    28.6471670038893
       10       0.90782552919397E-15    28.9496695449003
       15       0.90193972562699E-15    28.9716336228371
       20       0.90927073086023E-15    28.9734210663747
       25       0.90340699190404E-15    28.9735863059382
       30       0.90364679911134E-15    28.9736033967627
       35       0.90570981347409E-15    28.9736053266246
       40       0.90246947550682E-15    28.9736055590700
       45       0.90425836863419E-15    28.9736055884132
       50       0.90416186505009E-15    28.9736055922485
       55       0.89821289556271E-15    28.9736055927632
       60       0.90306393675571E-15    28.9736055928339
       65       0.90073788966758E-15    28.9736055928440
       70       0.89695211081507E-15    28.9736055928455
       75       0.89554973643338E-15    28.9736055928458
 Benchmark completed 
 VERIFICATION SUCCESSFUL 
 Zeta is     0.2897360559285E+02
 Error is    0.2758926827966E-13


 CG Benchmark Completed.
 Class           =                        C
 Size            =                   150000
 Iterations      =                       75
 Time in seconds =                    88.20
 Total threads   =                        4
 Avail threads   =                        4
 Mop/s total     =                  1625.34
 Mop/s/thread    =                   406.34
 Operation type  =           floating point
 Verification    =               SUCCESSFUL
 Version         =                    3.4.3
 Compile date    =              14 Mar 2025

 Compile options:
    FC           = gfortran
    FLINK        = $(FC)
    F_LIB        = (none)
    F_INC        = (none)
    FFLAGS       = -O3 -fopenmp
    FLINKFLAGS   = $(FFLAGS)
    RAND         = randi8


 Please send all errors/feedbacks to:

 NPB Development Team
 npb@nas.nasa.gov


ROI started
PAPI initialized
PAPI region begin
PAPI region end
PAPI ended
