cset: --> last message, executed args into cpuset "/measurement/12_17", new pid is: 172159


 NAS Parallel Benchmarks (NPB3.4-OMP) - CG Benchmark

 Size:      150000
 Iterations:                     75
 Number of available threads:     4

 Initialization time =           3.343 seconds

   iteration           ||r||                 zeta
        1       0.35171080405185E-12   109.9994423237398
        5       0.88673935589950E-15    28.6471670038893
       10       0.90650178491325E-15    28.9496695449003
       15       0.90232586086544E-15    28.9716336228371
       20       0.90927965145814E-15    28.9734210663747
       25       0.90308793929516E-15    28.9735863059382
       30       0.90495521877992E-15    28.9736033967627
       35       0.90503237167913E-15    28.9736053266246
       40       0.90189546909235E-15    28.9736055590700
       45       0.90456849627600E-15    28.9736055884132
       50       0.90401657206618E-15    28.9736055922485
       55       0.89850191385485E-15    28.9736055927632
Warmup threshold: 206817358
Start threshold: 82435
End threshold: 160854
ROI begin
Time taken: 20793426 ns
