cset: --> last message, executed args into cpuset "/measurement/core_44_47", new pid is: 3859234


 NAS Parallel Benchmarks (NPB3.4-OMP) - CG Benchmark

 Size:      150000
 Iterations:                     75
 Number of available threads:     4

 Initialization time =          19.377 seconds

   iteration           ||r||                 zeta
        1       0.35165101100351E-12   109.9994423237398
        5       0.88621229839233E-15    28.6471670038893
       10       0.90641494962777E-15    28.9496695449003
       15       0.90218510449649E-15    28.9716336228371
       20       0.90935426577597E-15    28.9734210663747
       25       0.90319484022806E-15    28.9735863059382
       30       0.90441545078432E-15    28.9736033967627
       35       0.90487572179641E-15    28.9736053266246
       40       0.90260501320389E-15    28.9736055590700
       45       0.90400148031277E-15    28.9736055884132
       50       0.90368411560559E-15    28.9736055922485
       55       0.89881604421683E-15    28.9736055927632
       60       0.90258796343917E-15    28.9736055928339
       65       0.90066756348716E-15    28.9736055928440
       70       0.89744119500068E-15    28.9736055928455
       75       0.89517139978413E-15    28.9736055928458
 Benchmark completed 
 VERIFICATION SUCCESSFUL 
 Zeta is     0.2897360559285E+02
 Error is    0.2758926827966E-13


 CG Benchmark Completed.
 Class           =                        C
 Size            =                   150000
 Iterations      =                       75
 Time in seconds =                  3510.66
 Total threads   =                        4
 Avail threads   =                        4
 Mop/s total     =                    40.83
 Mop/s/thread    =                    10.21
 Operation type  =           floating point
 Verification    =               SUCCESSFUL
 Version         =                    3.4.3
 Compile date    =              14 Mar 2025

 Compile options:
    FC           = gfortran
    FLINK        = $(FC)
    F_LIB        = (none)
    F_INC        = (none)
    FFLAGS       = -O3 -fopenmp
    FLINKFLAGS   = $(FFLAGS)
    RAND         = randi8


 Please send all errors/feedbacks to:

 NPB Development Team
 npb@nas.nasa.gov


ROI begin
file_line_index: 3597
region: 3597
ROI end
Total IR instructions: 1438675652584
