cset: --> last message, executed args into cpuset "/measurement/28_31", new pid is: 3906253


 NAS Parallel Benchmarks (NPB3.4-OMP) - CG Benchmark

 Size:      150000
 Iterations:                     75
 Number of available threads:     4

 Initialization time =           5.101 seconds

   iteration           ||r||                 zeta
        1       0.35170367217941E-12   109.9994423237398
        5       0.88612035245781E-15    28.6471670038893
       10       0.90690021217190E-15    28.9496695449003
       15       0.90195621705678E-15    28.9716336228371
       20       0.90922422727627E-15    28.9734210663747
       25       0.90241407350502E-15    28.9735863059382
       30       0.90422227834522E-15    28.9736033967628
       35       0.90424337435210E-15    28.9736053266246
       40       0.90179224645251E-15    28.9736055590700
       45       0.90439860168087E-15    28.9736055884132
Warmup threshold: 171885687
Start threshold: 82380
End threshold: 160884
ROI begin
Time taken: 49868866 ns
