cset: --> last message, executed args into cpuset "/measurement/60_63", new pid is: 3912748


 NAS Parallel Benchmarks (NPB3.4-OMP) - CG Benchmark

 Size:      150000
 Iterations:                     75
 Number of available threads:     4

 Initialization time =           5.087 seconds

   iteration           ||r||                 zeta
        1       0.35170984029376E-12   109.9994423237398
        5       0.88690202313137E-15    28.6471670038893
       10       0.90686524414586E-15    28.9496695449003
       15       0.90134667437873E-15    28.9716336228371
       20       0.90861844408416E-15    28.9734210663747
       25       0.90342379932287E-15    28.9735863059382
       30       0.90412720878662E-15    28.9736033967627
       35       0.90421463346536E-15    28.9736053266246
       40       0.90174039137177E-15    28.9736055590699
       45       0.90392140447174E-15    28.9736055884132
       50       0.90450506789032E-15    28.9736055922485
Warmup threshold: 190086613
Start threshold: 80431
End threshold: 6344
ROI begin
Time taken: 290155631 ns
