cset: --> last message, executed args into cpuset "/measurement/28_31", new pid is: 3903999


 NAS Parallel Benchmarks (NPB3.4-OMP) - CG Benchmark

 Size:      150000
 Iterations:                     75
 Number of available threads:     4

 Initialization time =           5.167 seconds

   iteration           ||r||                 zeta
        1       0.35170191985447E-12   109.9994423237398
        5       0.88661786621770E-15    28.6471670038893
       10       0.90630049926721E-15    28.9496695449003
       15       0.90194886657232E-15    28.9716336228371
       20       0.90890553498447E-15    28.9734210663747
       25       0.90342413437021E-15    28.9735863059382
       30       0.90505089582234E-15    28.9736033967627
       35       0.90537430769284E-15    28.9736053266246
       40       0.90202681335685E-15    28.9736055590700
       45       0.90483377475687E-15    28.9736055884132
       50       0.90330296395989E-15    28.9736055922485
       55       0.89917365470921E-15    28.9736055927632
       60       0.90293194515056E-15    28.9736055928339
Warmup threshold: 242145961
Start threshold: 82454
End threshold: 160718
ROI begin
Time taken: 59173023 ns
