cset: --> last message, executed args into cpuset "/measurement/32_35", new pid is: 3901719


 NAS Parallel Benchmarks (NPB3.4-OMP) - CG Benchmark

 Size:      150000
 Iterations:                     75
 Number of available threads:     4

 Initialization time =           5.049 seconds

   iteration           ||r||                 zeta
        1       0.35170367217941E-12   109.9994423237398
        5       0.88752962019172E-15    28.6471670038893
       10       0.90740206754802E-15    28.9496695449003
       15       0.90160791917465E-15    28.9716336228371
       20       0.90937246476190E-15    28.9734210663747
       25       0.90309523495147E-15    28.9735863059382
       30       0.90440064757024E-15    28.9736033967627
       35       0.90453905421598E-15    28.9736053266246
       40       0.90090623648369E-15    28.9736055590699
       45       0.90425924529030E-15    28.9736055884132
       50       0.90372363244225E-15    28.9736055922485
Warmup threshold: 4960
Start threshold: 81972
End threshold: 24542
ROI begin
Time taken: 28124342 ns
