cset: --> last message, executed args into cpuset "/measurement/60_63", new pid is: 3906605


 NAS Parallel Benchmarks (NPB3.4-OMP) - CG Benchmark

 Size:      150000
 Iterations:                     75
 Number of available threads:     4

 Initialization time =           4.932 seconds

   iteration           ||r||                 zeta
        1       0.35169254476771E-12   109.9994423237398
        5       0.88704011840346E-15    28.6471670038893
       10       0.90650470094575E-15    28.9496695449003
       15       0.90161637167482E-15    28.9716336228371
       20       0.90956053462958E-15    28.9734210663747
       25       0.90275108596013E-15    28.9735863059382
       30       0.90476054891374E-15    28.9736033967627
       35       0.90429595521262E-15    28.9736053266246
       40       0.90242159442299E-15    28.9736055590700
       45       0.90353184483536E-15    28.9736055884132
       50       0.90340347220755E-15    28.9736055922485
       55       0.89822047660465E-15    28.9736055927632
Warmup threshold: 215219226
Start threshold: 80374
End threshold: 164822
ROI begin
Time taken: 50713731 ns
