cset: --> last message, executed args into cpuset "/measurement/56_59", new pid is: 3912574


 NAS Parallel Benchmarks (NPB3.4-OMP) - CG Benchmark

 Size:      150000
 Iterations:                     75
 Number of available threads:     4

 Initialization time =           4.896 seconds

   iteration           ||r||                 zeta
        1       0.35171027836595E-12   109.9994423237398
        5       0.88689973682430E-15    28.6471670038893
       10       0.90723323846475E-15    28.9496695449003
       15       0.90161747131702E-15    28.9716336228371
       20       0.90840809019383E-15    28.9734210663747
       25       0.90309350541116E-15    28.9735863059382
       30       0.90480653042716E-15    28.9736033967627
       35       0.90456608893350E-15    28.9736053266246
       40       0.90162539815347E-15    28.9736055590700
       45       0.90445013296269E-15    28.9736055884132
       50       0.90331307319639E-15    28.9736055922485
       55       0.89795038199358E-15    28.9736055927632
       60       0.90282159528547E-15    28.9736055928339
Warmup threshold: 242145961
Start threshold: 82454
End threshold: 160718
ROI begin
Time taken: 46747249 ns
