cset: --> last message, executed args into cpuset "/measurement/18_23", new pid is: 199001


 NAS Parallel Benchmarks (NPB3.4-OMP) - CG Benchmark

 Size:      150000
 Iterations:                     75
 Number of available threads:     4

 Initialization time =           3.139 seconds

   iteration           ||r||                 zeta
        1       0.35169683806276E-12   109.9994423237398
        5       0.88618005240835E-15    28.6471670038893
       10       0.90709236319191E-15    28.9496695449003
       15       0.90180201049710E-15    28.9716336228371
       20       0.90761847830374E-15    28.9734210663747
       25       0.90346450951104E-15    28.9735863059382
       30       0.90455765221957E-15    28.9736033967627
       35       0.90561717766737E-15    28.9736053266246
       40       0.90246064959590E-15    28.9736055590700
       45       0.90368296725989E-15    28.9736055884132
       50       0.90340460911656E-15    28.9736055922486
Warmup threshold: 1
Start threshold: 1325
End threshold: 82464
ROI begin
Time taken: 12243734 ns
