cset: --> last message, executed args into cpuset "/measurement/64_67", new pid is: 3904857


 NAS Parallel Benchmarks (NPB3.4-OMP) - CG Benchmark

 Size:      150000
 Iterations:                     75
 Number of available threads:     4

 Initialization time =           5.021 seconds

   iteration           ||r||                 zeta
        1       0.35163706016614E-12   109.9994423237398
        5       0.88567069274575E-15    28.6471670038893
       10       0.90708412613668E-15    28.9496695449003
       15       0.90107507529718E-15    28.9716336228371
       20       0.90862554008951E-15    28.9734210663747
       25       0.90344153063798E-15    28.9735863059382
       30       0.90373296183169E-15    28.9736033967627
       35       0.90439130963373E-15    28.9736053266246
       40       0.90143312093349E-15    28.9736055590700
       45       0.90397263745880E-15    28.9736055884132
       50       0.90402816702653E-15    28.9736055922485
       55       0.89843446281759E-15    28.9736055927632
Warmup threshold: 219461331
Start threshold: 80401
End threshold: 164838
ROI begin
Time taken: 51186702 ns
