cset: --> last message, executed args into cpuset "/measurement/56_59", new pid is: 3912704


 NAS Parallel Benchmarks (NPB3.4-OMP) - CG Benchmark

 Size:      150000
 Iterations:                     75
 Number of available threads:     4

 Initialization time =           5.016 seconds

   iteration           ||r||                 zeta
        1       0.35182598041206E-12   109.9994423237398
        5       0.88621285549075E-15    28.6471670038893
       10       0.90683308766692E-15    28.9496695449003
       15       0.90148198807158E-15    28.9716336228371
       20       0.90875845542948E-15    28.9734210663747
       25       0.90267592013274E-15    28.9735863059382
       30       0.90447115298668E-15    28.9736033967627
       35       0.90539278751326E-15    28.9736053266246
       40       0.90115047737705E-15    28.9736055590700
       45       0.90449738438166E-15    28.9736055884132
       50       0.90344676319610E-15    28.9736055922485
       55       0.89797926814980E-15    28.9736055927632
Warmup threshold: 206817358
Start threshold: 82435
End threshold: 160854
ROI begin
Time taken: 51612391 ns
