cset: --> last message, executed args into cpuset "/measurement/64_67", new pid is: 3905679


 NAS Parallel Benchmarks (NPB3.4-OMP) - SP Benchmark

 No input file inputsp.data. Using compiled defaults
 Size:  162x 162x 162
 Iterations:  400    dt:    0.0006700
 Number of available threads:     4

 Time step    1
 Time step   20
 Time step   40
 Time step   60
 Time step   80
 Time step  100
 Time step  120
 Time step  140
 Time step  160
Warmup threshold: 4072568
Start threshold: 2594
End threshold: 2636
ROI begin
Time taken: 162950494 ns
