cset: --> last message, executed args into cpuset "/measurement/52_55", new pid is: 3897694


 NAS Parallel Benchmarks (NPB3.4-OMP) - CG Benchmark

 Size:      150000
 Iterations:                     75
 Number of available threads:     4

 Initialization time =           5.193 seconds

   iteration           ||r||                 zeta
        1       0.35171027836595E-12   109.9994423237398
        5       0.88621259683795E-15    28.6471670038893
       10       0.90667168853680E-15    28.9496695449003
       15       0.90085370161974E-15    28.9716336228371
       20       0.90856858572600E-15    28.9734210663747
       25       0.90383439118326E-15    28.9735863059382
       30       0.90419527275564E-15    28.9736033967628
       35       0.90473274531608E-15    28.9736053266246
       40       0.90293766723035E-15    28.9736055590700
       45       0.90425177581182E-15    28.9736055884132
       50       0.90362372324361E-15    28.9736055922486
       55       0.89888022222545E-15    28.9736055927632
       60       0.90262954316948E-15    28.9736055928339
       65       0.90023257259919E-15    28.9736055928440
       70       0.89704850877186E-15    28.9736055928455
       75       0.89622747727798E-15    28.9736055928458
 Benchmark completed 
 VERIFICATION SUCCESSFUL 
 Zeta is     0.2897360559285E+02
 Error is    0.2758926827966E-13


 CG Benchmark Completed.
 Class           =                        C
 Size            =                   150000
 Iterations      =                       75
 Time in seconds =                    87.06
 Total threads   =                        4
 Avail threads   =                        4
 Mop/s total     =                  1646.44
 Mop/s/thread    =                   411.61
 Operation type  =           floating point
 Verification    =               SUCCESSFUL
 Version         =                    3.4.3
 Compile date    =              14 Mar 2025

 Compile options:
    FC           = gfortran
    FLINK        = $(FC)
    F_LIB        = (none)
    F_INC        = (none)
    FFLAGS       = -O3 -fopenmp
    FLINKFLAGS   = $(FFLAGS)
    RAND         = randi8


 Please send all errors/feedbacks to:

 NPB Development Team
 npb@nas.nasa.gov


ROI started
PAPI initialized
PAPI region begin
PAPI region end
PAPI ended
