cset: --> last message, executed args into cpuset "/measurement/20_23", new pid is: 3913265


 NAS Parallel Benchmarks (NPB3.4-OMP) - CG Benchmark

 Size:      150000
 Iterations:                     75
 Number of available threads:     4

 Initialization time =           4.951 seconds

   iteration           ||r||                 zeta
        1       0.35171027836595E-12   109.9994423237398
        5       0.88648561258962E-15    28.6471670038893
       10       0.90703419356409E-15    28.9496695449003
       15       0.90178906955096E-15    28.9716336228371
       20       0.90932536325069E-15    28.9734210663747
       25       0.90300868309511E-15    28.9735863059382
       30       0.90374834015580E-15    28.9736033967628
       35       0.90534349444043E-15    28.9736053266246
Warmup threshold: 137371275
Start threshold: 80396
End threshold: 164868
ROI begin
Time taken: 47825539 ns
