cset: --> last message, executed args into cpuset "/measurement/36_39", new pid is: 3901447


 NAS Parallel Benchmarks (NPB3.4-OMP) - CG Benchmark

 Size:      150000
 Iterations:                     75
 Number of available threads:     4

 Initialization time =           5.184 seconds

   iteration           ||r||                 zeta
        1       0.35182570013813E-12   109.9994423237398
        5       0.88619338336670E-15    28.6471670038893
       10       0.90694410095309E-15    28.9496695449003
       15       0.90115979549564E-15    28.9716336228371
       20       0.90866837287841E-15    28.9734210663747
       25       0.90263819324806E-15    28.9735863059382
       30       0.90464563789619E-15    28.9736033967627
       35       0.90449920627138E-15    28.9736053266246
       40       0.90259615605960E-15    28.9736055590699
       45       0.90415618768943E-15    28.9736055884132
       50       0.90321604035313E-15    28.9736055922485
Warmup threshold: 4960
Start threshold: 81972
End threshold: 24542
ROI begin
Time taken: 30735687 ns
