cset: --> last message, executed args into cpuset "/measurement/48_51", new pid is: 3909803


 NAS Parallel Benchmarks (NPB3.4-OMP) - CG Benchmark

 Size:      150000
 Iterations:                     75
 Number of available threads:     4

 Initialization time =           5.197 seconds

   iteration           ||r||                 zeta
        1       0.35169752148040E-12   109.9994423237398
        5       0.88582556768826E-15    28.6471670038893
       10       0.90694442173890E-15    28.9496695449003
       15       0.90255900337471E-15    28.9716336228371
       20       0.90909758944960E-15    28.9734210663747
       25       0.90339635876801E-15    28.9735863059382
       30       0.90403311703580E-15    28.9736033967627
       35       0.90513614079668E-15    28.9736053266246
Warmup threshold: 5131010
Start threshold: 82449
End threshold: 87414
ROI begin
Time taken: 38780809 ns
