cset: --> last message, executed args into cpuset "/measurement/28_31", new pid is: 3910693


 NAS Parallel Benchmarks (NPB3.4-OMP) - CG Benchmark

 Size:      150000
 Iterations:                     75
 Number of available threads:     4

 Initialization time =           5.037 seconds

   iteration           ||r||                 zeta
        1       0.35169769671548E-12   109.9994423237398
        5       0.88573790808091E-15    28.6471670038893
       10       0.90687127153593E-15    28.9496695449003
       15       0.90189361058073E-15    28.9716336228371
       20       0.90839310819888E-15    28.9734210663747
       25       0.90367289955923E-15    28.9735863059382
       30       0.90356785903236E-15    28.9736033967627
       35       0.90570851681908E-15    28.9736053266246
       40       0.90205907519858E-15    28.9736055590700
Warmup threshold: 158012906
Start threshold: 80421
End threshold: 160828
ROI begin
Time taken: 62199944 ns
