cset: --> last message, executed args into cpuset "/measurement/48_51", new pid is: 3907965


 NAS Parallel Benchmarks (NPB3.4-OMP) - CG Benchmark

 Size:      150000
 Iterations:                     75
 Number of available threads:     4

 Initialization time =           5.184 seconds

   iteration           ||r||                 zeta
        1       0.35169683806276E-12   109.9994423237398
        5       0.88702500451289E-15    28.6471670038893
       10       0.90677530489430E-15    28.9496695449003
       15       0.90179964872412E-15    28.9716336228371
       20       0.90949264519175E-15    28.9734210663747
       25       0.90231075711825E-15    28.9735863059382
       30       0.90388369584036E-15    28.9736033967627
       35       0.90528017716375E-15    28.9736053266246
       40       0.90245193350184E-15    28.9736055590700
       45       0.90517254284711E-15    28.9736055884132
       50       0.90327719077118E-15    28.9736055922485
       55       0.89783560094412E-15    28.9736055927632
Warmup threshold: 213091832
Start threshold: 25022
End threshold: 164890
ROI begin
Time taken: 1128446504 ns
