cset: --> last message, executed args into cpuset "/measurement/12_17", new pid is: 198789


 NAS Parallel Benchmarks (NPB3.4-OMP) - CG Benchmark

 Size:      150000
 Iterations:                     75
 Number of available threads:     4

 Initialization time =           3.059 seconds

   iteration           ||r||                 zeta
        1       0.35182570013813E-12   109.9994423237398
        5       0.88609604285991E-15    28.6471670038893
       10       0.90724040684939E-15    28.9496695449003
       15       0.90142611501392E-15    28.9716336228371
       20       0.90973959429922E-15    28.9734210663747
       25       0.90321424881824E-15    28.9735863059382
       30       0.90501248293748E-15    28.9736033967627
       35       0.90467326469716E-15    28.9736053266246
       40       0.90128665605506E-15    28.9736055590700
       45       0.90461952490680E-15    28.9736055884132
Warmup threshold: 1
Start threshold: 187422790
End threshold: 3172
ROI begin
Time taken: 11434195 ns
