cset: --> last message, executed args into cpuset "/measurement/28_31", new pid is: 3904826


 NAS Parallel Benchmarks (NPB3.4-OMP) - CG Benchmark

 Size:      150000
 Iterations:                     75
 Number of available threads:     4

 Initialization time =           5.124 seconds

   iteration           ||r||                 zeta
        1       0.35171080405185E-12   109.9994423237398
        5       0.88662727947893E-15    28.6471670038893
       10       0.90630291983677E-15    28.9496695449003
       15       0.90181246609521E-15    28.9716336228371
       20       0.90921772742861E-15    28.9734210663748
       25       0.90352765032238E-15    28.9735863059382
       30       0.90414281808335E-15    28.9736033967627
       35       0.90385797172427E-15    28.9736053266246
       40       0.90114634393168E-15    28.9736055590700
Warmup threshold: 154582925
Start threshold: 82458
End threshold: 160716
ROI begin
Time taken: 45006423 ns
