cset: --> last message, executed args into cpuset "/measurement/64_67", new pid is: 3911665


 NAS Parallel Benchmarks (NPB3.4-OMP) - CG Benchmark

 Size:      150000
 Iterations:                     75
 Number of available threads:     4

 Initialization time =           5.090 seconds

   iteration           ||r||                 zeta
        1       0.35165779343430E-12   109.9994423237398
        5       0.88697099393754E-15    28.6471670038893
       10       0.90679132920713E-15    28.9496695449003
       15       0.90164142476858E-15    28.9716336228371
       20       0.90767397989542E-15    28.9734210663747
       25       0.90185136638943E-15    28.9735863059382
       30       0.90420335452920E-15    28.9736033967627
       35       0.90465540768898E-15    28.9736053266246
Warmup threshold: 5710897
Start threshold: 54636
End threshold: 164808
ROI begin
Time taken: 63118379 ns
