cset: --> last message, executed args into cpuset "/measurement/28_31", new pid is: 3910821


 NAS Parallel Benchmarks (NPB3.4-OMP) - CG Benchmark

 Size:      150000
 Iterations:                     75
 Number of available threads:     4

 Initialization time =           5.138 seconds

   iteration           ||r||                 zeta
        1       0.35181264963572E-12   109.9994423237398
        5       0.88666214744911E-15    28.6471670038893
       10       0.90695922474664E-15    28.9496695449003
       15       0.90188429108309E-15    28.9716336228371
       20       0.90937772822917E-15    28.9734210663748
       25       0.90350927099481E-15    28.9735863059382
       30       0.90515808357941E-15    28.9736033967627
       35       0.90468139173826E-15    28.9736053266246
       40       0.90190773118146E-15    28.9736055590700
Warmup threshold: 157442031
Start threshold: 80362
End threshold: 164882
ROI begin
Time taken: 51079299 ns
