cset: --> last message, executed args into cpuset "/measurement/28_31", new pid is: 3897727


 NAS Parallel Benchmarks (NPB3.4-OMP) - CG Benchmark

 Size:      150000
 Iterations:                     75
 Number of available threads:     4

 Initialization time =           5.000 seconds

   iteration           ||r||                 zeta
        1       0.35181275474238E-12   109.9994423237398
        5       0.88582686815153E-15    28.6471670038893
       10       0.90669833271641E-15    28.9496695449003
       15       0.90157050941146E-15    28.9716336228371
       20       0.90947022536206E-15    28.9734210663747
       25       0.90319891793340E-15    28.9735863059382
       30       0.90465613453136E-15    28.9736033967628
       35       0.90457455724405E-15    28.9736053266246
       40       0.90168440110787E-15    28.9736055590699
       45       0.90425453335530E-15    28.9736055884132
       50       0.90415762348731E-15    28.9736055922485
       55       0.89856693845823E-15    28.9736055927632
       60       0.90271182360969E-15    28.9736055928339
       65       0.90067448272471E-15    28.9736055928440
       70       0.89656409795744E-15    28.9736055928455
       75       0.89538460738892E-15    28.9736055928458
 Benchmark completed 
 VERIFICATION SUCCESSFUL 
 Zeta is     0.2897360559285E+02
 Error is    0.2807974416019E-13


 CG Benchmark Completed.
 Class           =                        C
 Size            =                   150000
 Iterations      =                       75
 Time in seconds =                    90.89
 Total threads   =                        4
 Avail threads   =                        4
 Mop/s total     =                  1577.18
 Mop/s/thread    =                   394.29
 Operation type  =           floating point
 Verification    =               SUCCESSFUL
 Version         =                    3.4.3
 Compile date    =              14 Mar 2025

 Compile options:
    FC           = gfortran
    FLINK        = $(FC)
    F_LIB        = (none)
    F_INC        = (none)
    FFLAGS       = -O3 -fopenmp
    FLINKFLAGS   = $(FFLAGS)
    RAND         = randi8


 Please send all errors/feedbacks to:

 NPB Development Team
 npb@nas.nasa.gov


ROI started
PAPI initialized
PAPI region begin
PAPI region end
PAPI ended
