cset: --> last message, executed args into cpuset "/measurement/48_51", new pid is: 3908974


 NAS Parallel Benchmarks (NPB3.4-OMP) - CG Benchmark

 Size:      150000
 Iterations:                     75
 Number of available threads:     4

 Initialization time =           5.018 seconds

   iteration           ||r||                 zeta
        1       0.35182598041206E-12   109.9994423237398
        5       0.88629506346182E-15    28.6471670038893
       10       0.90632365086669E-15    28.9496695449003
       15       0.90185533245432E-15    28.9716336228371
       20       0.90843799683115E-15    28.9734210663747
       25       0.90347865638323E-15    28.9735863059382
       30       0.90432212263432E-15    28.9736033967628
       35       0.90525700293571E-15    28.9736053266246
       40       0.90208875619785E-15    28.9736055590700
       45       0.90397708754059E-15    28.9736055884132
       50       0.90350302032823E-15    28.9736055922485
       55       0.89826286783329E-15    28.9736055927632
Warmup threshold: 206817358
Start threshold: 82435
End threshold: 160854
ROI begin
Time taken: 51833332 ns
