cset: --> last message, executed args into cpuset "/measurement/56_59", new pid is: 3906981


 NAS Parallel Benchmarks (NPB3.4-OMP) - CG Benchmark

 Size:      150000
 Iterations:                     75
 Number of available threads:     4

 Initialization time =           4.978 seconds

   iteration           ||r||                 zeta
        1       0.35169769671548E-12   109.9994423237398
        5       0.88643758297898E-15    28.6471670038893
       10       0.90683328048605E-15    28.9496695449003
       15       0.90158887814670E-15    28.9716336228371
       20       0.90824016197899E-15    28.9734210663747
       25       0.90249352886103E-15    28.9735863059382
       30       0.90428733480316E-15    28.9736033967628
       35       0.90540062408963E-15    28.9736053266246
       40       0.90135834362349E-15    28.9736055590700
       45       0.90444891816867E-15    28.9736055884132
       50       0.90372745818645E-15    28.9736055922485
Warmup threshold: 188946863
Start threshold: 80434
End threshold: 164798
ROI begin
Time taken: 46170187 ns
