cset: --> last message, executed args into cpuset "/measurement/20_23", new pid is: 3905291


 NAS Parallel Benchmarks (NPB3.4-OMP) - CG Benchmark

 Size:      150000
 Iterations:                     75
 Number of available threads:     4

 Initialization time =           5.478 seconds

   iteration           ||r||                 zeta
        1       0.35165767075583E-12   109.9994423237398
        5       0.88623927747082E-15    28.6471670038893
       10       0.90734367486275E-15    28.9496695449003
       15       0.90177651010960E-15    28.9716336228371
       20       0.90879245609581E-15    28.9734210663747
       25       0.90387578555753E-15    28.9735863059382
       30       0.90445155529718E-15    28.9736033967628
       35       0.90468071526588E-15    28.9736053266246
       40       0.90103803642197E-15    28.9736055590700
       45       0.90484133239897E-15    28.9736055884132
       50       0.90386728387706E-15    28.9736055922485
Warmup threshold: 190086613
Start threshold: 80431
End threshold: 6344
ROI begin
Time taken: 288546539 ns
