cset: --> last message, executed args into cpuset "/measurement/60_63", new pid is: 3904923


 NAS Parallel Benchmarks (NPB3.4-OMP) - CG Benchmark

 Size:      150000
 Iterations:                     75
 Number of available threads:     4

 Initialization time =           5.225 seconds

   iteration           ||r||                 zeta
        1       0.35179751395012E-12   109.9994423237398
        5       0.88583663483511E-15    28.6471670038893
       10       0.90791172138895E-15    28.9496695449003
       15       0.90215399460478E-15    28.9716336228371
       20       0.90844596888370E-15    28.9734210663747
       25       0.90254508995466E-15    28.9735863059382
       30       0.90363186826089E-15    28.9736033967628
       35       0.90609522263354E-15    28.9736053266246
       40       0.90171788960161E-15    28.9736055590700
       45       0.90447334410975E-15    28.9736055884132
       50       0.90338803677777E-15    28.9736055922486
Warmup threshold: 188946863
Start threshold: 80434
End threshold: 164798
ROI begin
Time taken: 55531741 ns
