cset: --> last message, executed args into cpuset "/measurement/48_51", new pid is: 3907551


 NAS Parallel Benchmarks (NPB3.4-OMP) - CG Benchmark

 Size:      150000
 Iterations:                     75
 Number of available threads:     4

 Initialization time =           5.183 seconds

   iteration           ||r||                 zeta
        1       0.35182598041206E-12   109.9994423237398
        5       0.88655000823117E-15    28.6471670038893
       10       0.90804826233871E-15    28.9496695449003
       15       0.90222410069072E-15    28.9716336228371
       20       0.90927133645044E-15    28.9734210663747
       25       0.90267298440650E-15    28.9735863059382
       30       0.90445608587657E-15    28.9736033967627
       35       0.90499582030031E-15    28.9736053266246
       40       0.90109790416437E-15    28.9736055590700
       45       0.90454780989636E-15    28.9736055884132
       50       0.90325906906591E-15    28.9736055922485
Warmup threshold: 196937416
Start threshold: 82442
End threshold: 160722
ROI begin
Time taken: 48902415 ns
