cset: --> last message, executed args into cpuset "/measurement/36_39", new pid is: 3911260


 NAS Parallel Benchmarks (NPB3.4-OMP) - CG Benchmark

 Size:      150000
 Iterations:                     75
 Number of available threads:     4

 Initialization time =           5.025 seconds

   iteration           ||r||                 zeta
        1       0.35170971763345E-12   109.9994423237398
        5       0.88589050226444E-15    28.6471670038893
       10       0.90718133805916E-15    28.9496695449003
       15       0.90145513266339E-15    28.9716336228371
       20       0.90907767609945E-15    28.9734210663747
       25       0.90276543118954E-15    28.9735863059382
       30       0.90437617661036E-15    28.9736033967627
       35       0.90503853628852E-15    28.9736053266246
       40       0.90091284604137E-15    28.9736055590700
Warmup threshold: 158012906
Start threshold: 80421
End threshold: 160828
ROI begin
Time taken: 63115938 ns
