cset: --> last message, executed args into cpuset "/measurement/44_47", new pid is: 3900417


 NAS Parallel Benchmarks (NPB3.4-OMP) - CG Benchmark

 Size:      150000
 Iterations:                     75
 Number of available threads:     4

 Initialization time =           5.014 seconds

   iteration           ||r||                 zeta
        1       0.35179744387599E-12   109.9994423237398
        5       0.88594408778492E-15    28.6471670038893
       10       0.90654156306706E-15    28.9496695449003
       15       0.90260099793250E-15    28.9716336228371
       20       0.91011900246855E-15    28.9734210663747
       25       0.90258010895396E-15    28.9735863059382
       30       0.90484999502905E-15    28.9736033967627
       35       0.90470029337396E-15    28.9736053266246
       40       0.90194519415857E-15    28.9736055590700
       45       0.90475075386536E-15    28.9736055884132
       50       0.90238681840408E-15    28.9736055922486
Warmup threshold: 4960
Start threshold: 81972
End threshold: 24542
ROI begin
Time taken: 27280568 ns
