clang: warning: -lm: 'linker' input unused [-Wunused-command-line-argument]
clang: warning: -lm: 'linker' input unused [-Wunused-command-line-argument]
flang-new: warning: -lm: 'linker' input unused [-Wunused-command-line-argument]
flang-new: warning: -lm: 'linker' input unused [-Wunused-command-line-argument]
flang-new: warning: -lm: 'linker' input unused [-Wunused-command-line-argument]
flang-new: warning: -lm: 'linker' input unused [-Wunused-command-line-argument]
flang-new: warning: -lm: 'linker' input unused [-Wunused-command-line-argument]
flang-new: warning: -lm: 'linker' input unused [-Wunused-command-line-argument]
clang: warning: -lm: 'linker' input unused [-Wunused-command-line-argument]
clang: warning: -lm: 'linker' input unused [-Wunused-command-line-argument]
clang: warning: -lm: 'linker' input unused [-Wunused-command-line-argument]
clang: warning: -lm: 'linker' input unused [-Wunused-command-line-argument]
clang: warning: -lm: 'linker' input unused [-Wunused-command-line-argument]
clang: warning: -lm: 'linker' input unused [-Wunused-command-line-argument]
clang: warning: -lm5: 'linker' input unused [-Wunused-command-line-argument]
clang: warning: argument unused during compilation: '-no-pie' [-Wunused-command-line-argument]
clang: warning: argument unused during compilation: '-L/home/studyztp/experiments/panning/hardware-experiment/nugget-protocol-NPB/common/gem5/all_outs/x86_64' [-Wunused-command-line-argument]
clang: warning: -lm: 'linker' input unused [-Wunused-command-line-argument]
clang: warning: -lm5: 'linker' input unused [-Wunused-command-line-argument]
clang: warning: argument unused during compilation: '-no-pie' [-Wunused-command-line-argument]
clang: warning: argument unused during compilation: '-L/home/studyztp/experiments/panning/hardware-experiment/nugget-protocol-NPB/common/gem5/all_outs/x86_64' [-Wunused-command-line-argument]
clang: warning: -lm: 'linker' input unused [-Wunused-command-line-argument]
clang: warning: -lpapi: 'linker' input unused [-Wunused-command-line-argument]
clang: warning: -lpthread: 'linker' input unused [-Wunused-command-line-argument]
clang: warning: argument unused during compilation: '-L/home/studyztp/experiments/panning/hardware-experiment/nugget-protocol-NPB/common/all_papi/x86_64/lib' [-Wunused-command-line-argument]
clang: warning: -lm: 'linker' input unused [-Wunused-command-line-argument]
clang: warning: -lm: 'linker' input unused [-Wunused-command-line-argument]
clang: warning: -lpapi: 'linker' input unused [-Wunused-command-line-argument]
clang: warning: -lpthread: 'linker' input unused [-Wunused-command-line-argument]
clang: warning: argument unused during compilation: '-L/home/studyztp/experiments/panning/hardware-experiment/nugget-protocol-NPB/common/all_papi/x86_64/lib' [-Wunused-command-line-argument]
clang: warning: -lm: 'linker' input unused [-Wunused-command-line-argument]
clang: warning: -lm5: 'linker' input unused [-Wunused-command-line-argument]
clang: warning: argument unused during compilation: '-no-pie' [-Wunused-command-line-argument]
clang: warning: argument unused during compilation: '-L/home/studyztp/experiments/panning/hardware-experiment/nugget-protocol-NPB/common/gem5/all_outs/x86_64' [-Wunused-command-line-argument]
clang: warning: -lm: 'linker' input unused [-Wunused-command-line-argument]
clang: warning: -lm5: 'linker' input unused [-Wunused-command-line-argument]
clang: warning: argument unused during compilation: '-no-pie' [-Wunused-command-line-argument]
clang: warning: argument unused during compilation: '-L/home/studyztp/experiments/panning/hardware-experiment/nugget-protocol-NPB/common/gem5/all_outs/x86_64' [-Wunused-command-line-argument]
clang: warning: -lm: 'linker' input unused [-Wunused-command-line-argument]
clang: warning: -lm5: 'linker' input unused [-Wunused-command-line-argument]
clang: warning: argument unused during compilation: '-no-pie' [-Wunused-command-line-argument]
clang: warning: argument unused during compilation: '-L/home/studyztp/experiments/panning/hardware-experiment/nugget-protocol-NPB/common/gem5/all_outs/x86_64' [-Wunused-command-line-argument]
clang: warning: -lm: 'linker' input unused [-Wunused-command-line-argument]
clang: warning: -lm5: 'linker' input unused [-Wunused-command-line-argument]
clang: warning: argument unused during compilation: '-no-pie' [-Wunused-command-line-argument]
clang: warning: argument unused during compilation: '-L/home/studyztp/experiments/panning/hardware-experiment/nugget-protocol-NPB/common/gem5/all_outs/x86_64' [-Wunused-command-line-argument]
clang: warning: -lm: 'linker' input unused [-Wunused-command-line-argument]
clang: warning: -lm: 'linker' input unused [-Wunused-command-line-argument]
clang: warning: -lpapi: 'linker' input unused [-Wunused-command-line-argument]
clang: warning: -lpthread: 'linker' input unused [-Wunused-command-line-argument]
clang: warning: argument unused during compilation: '-L/home/studyztp/experiments/panning/hardware-experiment/nugget-protocol-NPB/common/all_papi/x86_64/lib' [-Wunused-command-line-argument]
clang: warning: -lm: 'linker' input unused [-Wunused-command-line-argument]
clang: warning: -lpapi: 'linker' input unused [-Wunused-command-line-argument]
clang: warning: -lpthread: 'linker' input unused [-Wunused-command-line-argument]
clang: warning: argument unused during compilation: '-L/home/studyztp/experiments/panning/hardware-experiment/nugget-protocol-NPB/common/all_papi/x86_64/lib' [-Wunused-command-line-argument]
clang: warning: -lm: 'linker' input unused [-Wunused-command-line-argument]
clang: warning: -lm5: 'linker' input unused [-Wunused-command-line-argument]
clang: warning: argument unused during compilation: '-no-pie' [-Wunused-command-line-argument]
clang: warning: argument unused during compilation: '-L/home/studyztp/experiments/panning/hardware-experiment/nugget-protocol-NPB/common/gem5/all_outs/x86_64' [-Wunused-command-line-argument]
clang: warning: -lm: 'linker' input unused [-Wunused-command-line-argument]
clang: warning: -lm5: 'linker' input unused [-Wunused-command-line-argument]
clang: warning: argument unused during compilation: '-no-pie' [-Wunused-command-line-argument]
clang: warning: argument unused during compilation: '-L/home/studyztp/experiments/panning/hardware-experiment/nugget-protocol-NPB/common/gem5/all_outs/x86_64' [-Wunused-command-line-argument]
clang: warning: -lm: 'linker' input unused [-Wunused-command-line-argument]
clang: warning: -lm5: 'linker' input unused [-Wunused-command-line-argument]
clang: warning: argument unused during compilation: '-no-pie' [-Wunused-command-line-argument]
clang: warning: argument unused during compilation: '-L/home/studyztp/experiments/panning/hardware-experiment/nugget-protocol-NPB/common/gem5/all_outs/x86_64' [-Wunused-command-line-argument]
clang: warning: -lm: 'linker' input unused [-Wunused-command-line-argument]
clang: warning: -lm5: 'linker' input unused [-Wunused-command-line-argument]
clang: warning: argument unused during compilation: '-no-pie' [-Wunused-command-line-argument]
clang: warning: argument unused during compilation: '-L/home/studyztp/experiments/panning/hardware-experiment/nugget-protocol-NPB/common/gem5/all_outs/x86_64' [-Wunused-command-line-argument]
clang: warning: -lm: 'linker' input unused [-Wunused-command-line-argument]
clang: warning: -lm: 'linker' input unused [-Wunused-command-line-argument]
clang: warning: -lm: 'linker' input unused [-Wunused-command-line-argument]
clang: warning: -lm: 'linker' input unused [-Wunused-command-line-argument]
clang: warning: -lm: 'linker' input unused [-Wunused-command-line-argument]
