cset: --> last message, executed args into cpuset "/measurement/56_59", new pid is: 3906887


 NAS Parallel Benchmarks (NPB3.4-OMP) - CG Benchmark

 Size:      150000
 Iterations:                     75
 Number of available threads:     4

 Initialization time =           4.859 seconds

   iteration           ||r||                 zeta
        1       0.35165730272018E-12   109.9994423237398
        5       0.88584213518220E-15    28.6471670038893
       10       0.90711570191877E-15    28.9496695449003
       15       0.90118191213864E-15    28.9716336228371
       20       0.90872170506497E-15    28.9734210663747
       25       0.90193034266223E-15    28.9735863059382
       30       0.90426173469651E-15    28.9736033967627
       35       0.90488903145368E-15    28.9736053266246
       40       0.90156435979651E-15    28.9736055590700
Warmup threshold: 154582925
Start threshold: 82458
End threshold: 160716
ROI begin
Time taken: 46583272 ns
